<?xml version="1.0" encoding="utf-8"?>
<CoverageSession>
  <Summary numSequencePoints="1287" visitedSequencePoints="67" numBranchPoints="18" visitedBranchPoints="11" sequenceCoverage="5.2" branchCoverage="61.11" maxCyclomaticComplexity="59" minCyclomaticComplexity="45" visitedClasses="9" numClasses="23" visitedMethods="23" numMethods="95" />
  <Modules>
    <Module hash="E741BBE1-BBAB-4640-A786-DC084B5F32DD">
      <ModulePath>PizzaBox.Domain.dll</ModulePath>
      <ModuleTime>2021-05-12T01:16:47</ModuleTime>
      <ModuleName>PizzaBox.Domain</ModuleName>
      <Files>
        <File uid="1" fullPath="/home/njdiemer/revature/project_pizzabox_web/PizzaBox.Domain/Models/Customer.cs" />
        <File uid="2" fullPath="/home/njdiemer/revature/project_pizzabox_web/PizzaBox.Domain/Models/Order.cs" />
        <File uid="3" fullPath="/home/njdiemer/revature/project_pizzabox_web/PizzaBox.Domain/Models/Stores/ChicagoStore.cs" />
        <File uid="4" fullPath="/home/njdiemer/revature/project_pizzabox_web/PizzaBox.Domain/Models/Stores/NewYorkStore.cs" />
        <File uid="5" fullPath="/home/njdiemer/revature/project_pizzabox_web/PizzaBox.Domain/Models/Pizzas/CustomPizza.cs" />
        <File uid="6" fullPath="/home/njdiemer/revature/project_pizzabox_web/PizzaBox.Domain/Models/Pizzas/MeatPizza.cs" />
        <File uid="7" fullPath="/home/njdiemer/revature/project_pizzabox_web/PizzaBox.Domain/Models/Pizzas/SupremePizza.cs" />
        <File uid="8" fullPath="/home/njdiemer/revature/project_pizzabox_web/PizzaBox.Domain/Abstracts/AComponent.cs" />
        <File uid="9" fullPath="/home/njdiemer/revature/project_pizzabox_web/PizzaBox.Domain/Abstracts/AEntity.cs" />
        <File uid="10" fullPath="/home/njdiemer/revature/project_pizzabox_web/PizzaBox.Domain/Abstracts/APizza.cs" />
        <File uid="11" fullPath="/home/njdiemer/revature/project_pizzabox_web/PizzaBox.Domain/Abstracts/AStore.cs" />
      </Files>
      <Classes>
        <Class>
          <Summary numSequencePoints="4" visitedSequencePoints="4" numBranchPoints="2" visitedBranchPoints="1" sequenceCoverage="100" branchCoverage="50" maxCyclomaticComplexity="2" minCyclomaticComplexity="1" visitedClasses="1" numClasses="1" visitedMethods="2" numMethods="2" />
          <FullName>PizzaBox.Domain.Models.Customer</FullName>
          <Methods>
            <Method cyclomaticComplexity="1" nPathComplexity="0" sequenceCoverage="100" branchCoverage="100" isConstructor="False" isGetter="True" isSetter="False" isStatic="True">
              <Summary numSequencePoints="1" visitedSequencePoints="1" numBranchPoints="0" visitedBranchPoints="0" sequenceCoverage="100" branchCoverage="100" maxCyclomaticComplexity="1" minCyclomaticComplexity="1" visitedClasses="0" numClasses="0" visitedMethods="1" numMethods="1" />
              <MetadataToken />
              <Name>System.String PizzaBox.Domain.Models.Customer::get_Name()</Name>
              <FileRef uid="1" />
              <SequencePoints>
                <SequencePoint vc="4" uspid="7" ordinal="0" sl="7" sc="1" el="7" ec="2" bec="0" bev="0" fileid="1" />
              </SequencePoints>
              <BranchPoints />
              <MethodPoint vc="1" uspid="0" p8:type="SequencePoint" ordinal="0" offset="0" sc="0" sl="7" ec="1" el="7" bec="0" bev="0" fileid="1" xmlns:p8="xsi" />
            </Method>
            <Method cyclomaticComplexity="2" nPathComplexity="0" sequenceCoverage="100" branchCoverage="50" isConstructor="False" isGetter="False" isSetter="False" isStatic="True">
              <Summary numSequencePoints="3" visitedSequencePoints="3" numBranchPoints="2" visitedBranchPoints="1" sequenceCoverage="100" branchCoverage="50" maxCyclomaticComplexity="2" minCyclomaticComplexity="2" visitedClasses="0" numClasses="0" visitedMethods="1" numMethods="1" />
              <MetadataToken />
              <Name>System.String PizzaBox.Domain.Models.Customer::ToString()</Name>
              <FileRef uid="1" />
              <SequencePoints>
                <SequencePoint vc="1" uspid="10" ordinal="0" sl="10" sc="1" el="10" ec="2" bec="0" bev="0" fileid="1" />
                <SequencePoint vc="1" uspid="11" ordinal="1" sl="11" sc="1" el="11" ec="2" bec="2" bev="1" fileid="1" />
                <SequencePoint vc="1" uspid="12" ordinal="2" sl="12" sc="1" el="12" ec="2" bec="0" bev="0" fileid="1" />
              </SequencePoints>
              <BranchPoints>
                <BranchPoint vc="0" uspid="11" ordinal="0" path="0" offset="8" offsetend="10" sl="11" fileid="1" />
                <BranchPoint vc="1" uspid="11" ordinal="1" path="1" offset="8" offsetend="16" sl="11" fileid="1" />
              </BranchPoints>
              <MethodPoint vc="3" uspid="0" p8:type="SequencePoint" ordinal="1" offset="1" sc="0" sl="10" ec="1" el="12" bec="0" bev="0" fileid="1" xmlns:p8="xsi" />
            </Method>
          </Methods>
        </Class>
        <Class>
          <Summary numSequencePoints="13" visitedSequencePoints="11" numBranchPoints="2" visitedBranchPoints="2" sequenceCoverage="84.61" branchCoverage="100" maxCyclomaticComplexity="2" minCyclomaticComplexity="1" visitedClasses="1" numClasses="1" visitedMethods="4" numMethods="6" />
          <FullName>PizzaBox.Domain.Models.Order</FullName>
          <Methods>
            <Method cyclomaticComplexity="1" nPathComplexity="0" sequenceCoverage="100" branchCoverage="100" isConstructor="False" isGetter="True" isSetter="False" isStatic="True">
              <Summary numSequencePoints="1" visitedSequencePoints="1" numBranchPoints="0" visitedBranchPoints="0" sequenceCoverage="100" branchCoverage="100" maxCyclomaticComplexity="1" minCyclomaticComplexity="1" visitedClasses="0" numClasses="0" visitedMethods="1" numMethods="1" />
              <MetadataToken />
              <Name>PizzaBox.Domain.Models.Customer PizzaBox.Domain.Models.Order::get_Customer()</Name>
              <FileRef uid="2" />
              <SequencePoints>
                <SequencePoint vc="3" uspid="12" ordinal="0" sl="12" sc="1" el="12" ec="2" bec="0" bev="0" fileid="2" />
              </SequencePoints>
              <BranchPoints />
              <MethodPoint vc="1" uspid="0" p8:type="SequencePoint" ordinal="0" offset="0" sc="0" sl="12" ec="1" el="12" bec="0" bev="0" fileid="2" xmlns:p8="xsi" />
            </Method>
            <Method cyclomaticComplexity="1" nPathComplexity="0" sequenceCoverage="0" branchCoverage="100" isConstructor="False" isGetter="True" isSetter="False" isStatic="True">
              <Summary numSequencePoints="1" visitedSequencePoints="0" numBranchPoints="0" visitedBranchPoints="0" sequenceCoverage="0" branchCoverage="100" maxCyclomaticComplexity="1" minCyclomaticComplexity="1" visitedClasses="0" numClasses="0" visitedMethods="0" numMethods="1" />
              <MetadataToken />
              <Name>System.Int64 PizzaBox.Domain.Models.Order::get_CustomerEntityId()</Name>
              <FileRef uid="2" />
              <SequencePoints>
                <SequencePoint vc="0" uspid="13" ordinal="0" sl="13" sc="1" el="13" ec="2" bec="0" bev="0" fileid="2" />
              </SequencePoints>
              <BranchPoints />
              <MethodPoint vc="0" uspid="0" p8:type="SequencePoint" ordinal="1" offset="1" sc="0" sl="13" ec="1" el="13" bec="0" bev="0" fileid="2" xmlns:p8="xsi" />
            </Method>
            <Method cyclomaticComplexity="1" nPathComplexity="0" sequenceCoverage="100" branchCoverage="100" isConstructor="False" isGetter="True" isSetter="False" isStatic="True">
              <Summary numSequencePoints="1" visitedSequencePoints="1" numBranchPoints="0" visitedBranchPoints="0" sequenceCoverage="100" branchCoverage="100" maxCyclomaticComplexity="1" minCyclomaticComplexity="1" visitedClasses="0" numClasses="0" visitedMethods="1" numMethods="1" />
              <MetadataToken />
              <Name>PizzaBox.Domain.Abstracts.AStore PizzaBox.Domain.Models.Order::get_Store()</Name>
              <FileRef uid="2" />
              <SequencePoints>
                <SequencePoint vc="3" uspid="14" ordinal="0" sl="14" sc="1" el="14" ec="2" bec="0" bev="0" fileid="2" />
              </SequencePoints>
              <BranchPoints />
              <MethodPoint vc="1" uspid="0" p8:type="SequencePoint" ordinal="2" offset="2" sc="0" sl="14" ec="1" el="14" bec="0" bev="0" fileid="2" xmlns:p8="xsi" />
            </Method>
            <Method cyclomaticComplexity="1" nPathComplexity="0" sequenceCoverage="0" branchCoverage="100" isConstructor="False" isGetter="True" isSetter="False" isStatic="True">
              <Summary numSequencePoints="1" visitedSequencePoints="0" numBranchPoints="0" visitedBranchPoints="0" sequenceCoverage="0" branchCoverage="100" maxCyclomaticComplexity="1" minCyclomaticComplexity="1" visitedClasses="0" numClasses="0" visitedMethods="0" numMethods="1" />
              <MetadataToken />
              <Name>System.Int64 PizzaBox.Domain.Models.Order::get_StoreEntityId()</Name>
              <FileRef uid="2" />
              <SequencePoints>
                <SequencePoint vc="0" uspid="15" ordinal="0" sl="15" sc="1" el="15" ec="2" bec="0" bev="0" fileid="2" />
              </SequencePoints>
              <BranchPoints />
              <MethodPoint vc="0" uspid="0" p8:type="SequencePoint" ordinal="3" offset="3" sc="0" sl="15" ec="1" el="15" bec="0" bev="0" fileid="2" xmlns:p8="xsi" />
            </Method>
            <Method cyclomaticComplexity="1" nPathComplexity="0" sequenceCoverage="100" branchCoverage="100" isConstructor="False" isGetter="True" isSetter="False" isStatic="True">
              <Summary numSequencePoints="1" visitedSequencePoints="1" numBranchPoints="0" visitedBranchPoints="0" sequenceCoverage="100" branchCoverage="100" maxCyclomaticComplexity="1" minCyclomaticComplexity="1" visitedClasses="0" numClasses="0" visitedMethods="1" numMethods="1" />
              <MetadataToken />
              <Name>System.Collections.Generic.List`1&lt;PizzaBox.Domain.Abstracts.APizza&gt; PizzaBox.Domain.Models.Order::get_Pizzas()</Name>
              <FileRef uid="2" />
              <SequencePoints>
                <SequencePoint vc="4" uspid="16" ordinal="0" sl="16" sc="1" el="16" ec="2" bec="0" bev="0" fileid="2" />
              </SequencePoints>
              <BranchPoints />
              <MethodPoint vc="1" uspid="0" p8:type="SequencePoint" ordinal="4" offset="4" sc="0" sl="16" ec="1" el="16" bec="0" bev="0" fileid="2" xmlns:p8="xsi" />
            </Method>
            <Method cyclomaticComplexity="2" nPathComplexity="0" sequenceCoverage="100" branchCoverage="100" isConstructor="False" isGetter="True" isSetter="False" isStatic="True">
              <Summary numSequencePoints="8" visitedSequencePoints="8" numBranchPoints="2" visitedBranchPoints="2" sequenceCoverage="100" branchCoverage="100" maxCyclomaticComplexity="2" minCyclomaticComplexity="2" visitedClasses="0" numClasses="0" visitedMethods="1" numMethods="1" />
              <MetadataToken />
              <Name>System.Decimal PizzaBox.Domain.Models.Order::get_TotalCost()</Name>
              <FileRef uid="2" />
              <SequencePoints>
                <SequencePoint vc="1" uspid="21" ordinal="0" sl="21" sc="1" el="21" ec="2" bec="0" bev="0" fileid="2" />
                <SequencePoint vc="1" uspid="22" ordinal="1" sl="22" sc="1" el="22" ec="2" bec="0" bev="0" fileid="2" />
                <SequencePoint vc="5" uspid="23" ordinal="2" sl="23" sc="1" el="23" ec="2" bec="2" bev="2" fileid="2" />
                <SequencePoint vc="1" uspid="24" ordinal="3" sl="24" sc="1" el="24" ec="2" bec="0" bev="0" fileid="2" />
                <SequencePoint vc="3" uspid="25" ordinal="4" sl="25" sc="1" el="25" ec="2" bec="0" bev="0" fileid="2" />
                <SequencePoint vc="1" uspid="26" ordinal="5" sl="26" sc="1" el="26" ec="2" bec="0" bev="0" fileid="2" />
                <SequencePoint vc="1" uspid="27" ordinal="6" sl="27" sc="1" el="27" ec="2" bec="0" bev="0" fileid="2" />
                <SequencePoint vc="1" uspid="28" ordinal="7" sl="28" sc="1" el="28" ec="2" bec="0" bev="0" fileid="2" />
              </SequencePoints>
              <BranchPoints>
                <BranchPoint vc="1" uspid="23" ordinal="1" path="1" offset="122" offsetend="24" sl="23" fileid="2" />
                <BranchPoint vc="1" uspid="23" ordinal="0" path="0" offset="122" offsetend="124" sl="23" fileid="2" />
              </BranchPoints>
              <MethodPoint vc="8" uspid="0" p8:type="SequencePoint" ordinal="5" offset="5" sc="0" sl="21" ec="1" el="28" bec="0" bev="0" fileid="2" xmlns:p8="xsi" />
            </Method>
          </Methods>
        </Class>
        <Class>
          <Summary numSequencePoints="4" visitedSequencePoints="4" numBranchPoints="0" visitedBranchPoints="0" sequenceCoverage="100" branchCoverage="100" maxCyclomaticComplexity="1" minCyclomaticComplexity="1" visitedClasses="1" numClasses="1" visitedMethods="1" numMethods="1" />
          <FullName>PizzaBox.Domain.Models.Stores.ChicagoStore</FullName>
          <Methods>
            <Method cyclomaticComplexity="1" nPathComplexity="0" sequenceCoverage="100" branchCoverage="100" isConstructor="True" isGetter="False" isSetter="False" isStatic="True">
              <Summary numSequencePoints="4" visitedSequencePoints="4" numBranchPoints="0" visitedBranchPoints="0" sequenceCoverage="100" branchCoverage="100" maxCyclomaticComplexity="1" minCyclomaticComplexity="1" visitedClasses="0" numClasses="0" visitedMethods="1" numMethods="1" />
              <MetadataToken />
              <Name>System.Void PizzaBox.Domain.Models.Stores.ChicagoStore::.ctor()</Name>
              <FileRef uid="3" />
              <SequencePoints>
                <SequencePoint vc="3" uspid="7" ordinal="0" sl="7" sc="1" el="7" ec="2" bec="0" bev="0" fileid="3" />
                <SequencePoint vc="3" uspid="8" ordinal="1" sl="8" sc="1" el="8" ec="2" bec="0" bev="0" fileid="3" />
                <SequencePoint vc="3" uspid="9" ordinal="2" sl="9" sc="1" el="9" ec="2" bec="0" bev="0" fileid="3" />
                <SequencePoint vc="3" uspid="10" ordinal="3" sl="10" sc="1" el="10" ec="2" bec="0" bev="0" fileid="3" />
              </SequencePoints>
              <BranchPoints />
              <MethodPoint vc="4" uspid="0" p8:type="SequencePoint" ordinal="0" offset="0" sc="0" sl="7" ec="1" el="10" bec="0" bev="0" fileid="3" xmlns:p8="xsi" />
            </Method>
          </Methods>
        </Class>
        <Class>
          <Summary numSequencePoints="4" visitedSequencePoints="4" numBranchPoints="0" visitedBranchPoints="0" sequenceCoverage="100" branchCoverage="100" maxCyclomaticComplexity="1" minCyclomaticComplexity="1" visitedClasses="1" numClasses="1" visitedMethods="1" numMethods="1" />
          <FullName>PizzaBox.Domain.Models.Stores.NewYorkStore</FullName>
          <Methods>
            <Method cyclomaticComplexity="1" nPathComplexity="0" sequenceCoverage="100" branchCoverage="100" isConstructor="True" isGetter="False" isSetter="False" isStatic="True">
              <Summary numSequencePoints="4" visitedSequencePoints="4" numBranchPoints="0" visitedBranchPoints="0" sequenceCoverage="100" branchCoverage="100" maxCyclomaticComplexity="1" minCyclomaticComplexity="1" visitedClasses="0" numClasses="0" visitedMethods="1" numMethods="1" />
              <MetadataToken />
              <Name>System.Void PizzaBox.Domain.Models.Stores.NewYorkStore::.ctor()</Name>
              <FileRef uid="4" />
              <SequencePoints>
                <SequencePoint vc="2" uspid="7" ordinal="0" sl="7" sc="1" el="7" ec="2" bec="0" bev="0" fileid="4" />
                <SequencePoint vc="2" uspid="8" ordinal="1" sl="8" sc="1" el="8" ec="2" bec="0" bev="0" fileid="4" />
                <SequencePoint vc="2" uspid="9" ordinal="2" sl="9" sc="1" el="9" ec="2" bec="0" bev="0" fileid="4" />
                <SequencePoint vc="2" uspid="10" ordinal="3" sl="10" sc="1" el="10" ec="2" bec="0" bev="0" fileid="4" />
              </SequencePoints>
              <BranchPoints />
              <MethodPoint vc="4" uspid="0" p8:type="SequencePoint" ordinal="0" offset="0" sc="0" sl="7" ec="1" el="10" bec="0" bev="0" fileid="4" xmlns:p8="xsi" />
            </Method>
          </Methods>
        </Class>
        <Class>
          <Summary numSequencePoints="13" visitedSequencePoints="13" numBranchPoints="4" visitedBranchPoints="4" sequenceCoverage="100" branchCoverage="100" maxCyclomaticComplexity="2" minCyclomaticComplexity="1" visitedClasses="1" numClasses="1" visitedMethods="3" numMethods="3" />
          <FullName>PizzaBox.Domain.Models.Pizzas.CustomPizza</FullName>
          <Methods>
            <Method cyclomaticComplexity="2" nPathComplexity="0" sequenceCoverage="100" branchCoverage="100" isConstructor="False" isGetter="False" isSetter="False" isStatic="True">
              <Summary numSequencePoints="3" visitedSequencePoints="3" numBranchPoints="2" visitedBranchPoints="2" sequenceCoverage="100" branchCoverage="100" maxCyclomaticComplexity="2" minCyclomaticComplexity="2" visitedClasses="0" numClasses="0" visitedMethods="1" numMethods="1" />
              <MetadataToken />
              <Name>System.Void PizzaBox.Domain.Models.Pizzas.CustomPizza::AddCrust(PizzaBox.Domain.Models.Crust)</Name>
              <FileRef uid="5" />
              <SequencePoints>
                <SequencePoint vc="2" uspid="10" ordinal="0" sl="10" sc="1" el="10" ec="2" bec="0" bev="0" fileid="5" />
                <SequencePoint vc="2" uspid="11" ordinal="1" sl="11" sc="1" el="11" ec="2" bec="2" bev="2" fileid="5" />
                <SequencePoint vc="2" uspid="12" ordinal="2" sl="12" sc="1" el="12" ec="2" bec="0" bev="0" fileid="5" />
              </SequencePoints>
              <BranchPoints>
                <BranchPoint vc="2" uspid="11" ordinal="0" path="0" offset="4" offsetend="6" sl="11" fileid="5" />
                <BranchPoint vc="2" uspid="11" ordinal="1" path="1" offset="4" offsetend="37" sl="11" fileid="5" />
              </BranchPoints>
              <MethodPoint vc="3" uspid="0" p8:type="SequencePoint" ordinal="0" offset="0" sc="0" sl="10" ec="1" el="12" bec="0" bev="0" fileid="5" xmlns:p8="xsi" />
            </Method>
            <Method cyclomaticComplexity="2" nPathComplexity="0" sequenceCoverage="100" branchCoverage="100" isConstructor="False" isGetter="False" isSetter="False" isStatic="True">
              <Summary numSequencePoints="3" visitedSequencePoints="3" numBranchPoints="2" visitedBranchPoints="2" sequenceCoverage="100" branchCoverage="100" maxCyclomaticComplexity="2" minCyclomaticComplexity="2" visitedClasses="0" numClasses="0" visitedMethods="1" numMethods="1" />
              <MetadataToken />
              <Name>System.Void PizzaBox.Domain.Models.Pizzas.CustomPizza::AddSize(PizzaBox.Domain.Models.Size)</Name>
              <FileRef uid="5" />
              <SequencePoints>
                <SequencePoint vc="2" uspid="15" ordinal="0" sl="15" sc="1" el="15" ec="2" bec="0" bev="0" fileid="5" />
                <SequencePoint vc="2" uspid="16" ordinal="1" sl="16" sc="1" el="16" ec="2" bec="2" bev="2" fileid="5" />
                <SequencePoint vc="2" uspid="17" ordinal="2" sl="17" sc="1" el="17" ec="2" bec="0" bev="0" fileid="5" />
              </SequencePoints>
              <BranchPoints>
                <BranchPoint vc="2" uspid="16" ordinal="0" path="0" offset="4" offsetend="6" sl="16" fileid="5" />
                <BranchPoint vc="2" uspid="16" ordinal="1" path="1" offset="4" offsetend="38" sl="16" fileid="5" />
              </BranchPoints>
              <MethodPoint vc="3" uspid="0" p8:type="SequencePoint" ordinal="1" offset="1" sc="0" sl="15" ec="1" el="17" bec="0" bev="0" fileid="5" xmlns:p8="xsi" />
            </Method>
            <Method cyclomaticComplexity="1" nPathComplexity="0" sequenceCoverage="100" branchCoverage="100" isConstructor="False" isGetter="False" isSetter="False" isStatic="True">
              <Summary numSequencePoints="7" visitedSequencePoints="7" numBranchPoints="0" visitedBranchPoints="0" sequenceCoverage="100" branchCoverage="100" maxCyclomaticComplexity="1" minCyclomaticComplexity="1" visitedClasses="0" numClasses="0" visitedMethods="1" numMethods="1" />
              <MetadataToken />
              <Name>System.Void PizzaBox.Domain.Models.Pizzas.CustomPizza::AddToppings(PizzaBox.Domain.Models.Topping[])</Name>
              <FileRef uid="5" />
              <SequencePoints>
                <SequencePoint vc="2" uspid="20" ordinal="0" sl="20" sc="1" el="20" ec="2" bec="0" bev="0" fileid="5" />
                <SequencePoint vc="2" uspid="21" ordinal="1" sl="21" sc="1" el="21" ec="2" bec="0" bev="0" fileid="5" />
                <SequencePoint vc="2" uspid="22" ordinal="2" sl="22" sc="1" el="22" ec="2" bec="0" bev="0" fileid="5" />
                <SequencePoint vc="2" uspid="23" ordinal="3" sl="23" sc="1" el="23" ec="2" bec="0" bev="0" fileid="5" />
                <SequencePoint vc="2" uspid="24" ordinal="4" sl="24" sc="1" el="24" ec="2" bec="0" bev="0" fileid="5" />
                <SequencePoint vc="2" uspid="25" ordinal="5" sl="25" sc="1" el="25" ec="2" bec="0" bev="0" fileid="5" />
                <SequencePoint vc="2" uspid="26" ordinal="6" sl="26" sc="1" el="26" ec="2" bec="0" bev="0" fileid="5" />
              </SequencePoints>
              <BranchPoints />
              <MethodPoint vc="7" uspid="0" p8:type="SequencePoint" ordinal="2" offset="2" sc="0" sl="20" ec="1" el="26" bec="0" bev="0" fileid="5" xmlns:p8="xsi" />
            </Method>
          </Methods>
        </Class>
        <Class>
          <Summary numSequencePoints="13" visitedSequencePoints="13" numBranchPoints="4" visitedBranchPoints="4" sequenceCoverage="100" branchCoverage="100" maxCyclomaticComplexity="2" minCyclomaticComplexity="1" visitedClasses="1" numClasses="1" visitedMethods="3" numMethods="3" />
          <FullName>PizzaBox.Domain.Models.Pizzas.MeatPizza</FullName>
          <Methods>
            <Method cyclomaticComplexity="2" nPathComplexity="0" sequenceCoverage="100" branchCoverage="100" isConstructor="False" isGetter="False" isSetter="False" isStatic="True">
              <Summary numSequencePoints="3" visitedSequencePoints="3" numBranchPoints="2" visitedBranchPoints="2" sequenceCoverage="100" branchCoverage="100" maxCyclomaticComplexity="2" minCyclomaticComplexity="2" visitedClasses="0" numClasses="0" visitedMethods="1" numMethods="1" />
              <MetadataToken />
              <Name>System.Void PizzaBox.Domain.Models.Pizzas.MeatPizza::AddCrust(PizzaBox.Domain.Models.Crust)</Name>
              <FileRef uid="6" />
              <SequencePoints>
                <SequencePoint vc="2" uspid="10" ordinal="0" sl="10" sc="1" el="10" ec="2" bec="0" bev="0" fileid="6" />
                <SequencePoint vc="2" uspid="11" ordinal="1" sl="11" sc="1" el="11" ec="2" bec="2" bev="2" fileid="6" />
                <SequencePoint vc="2" uspid="12" ordinal="2" sl="12" sc="1" el="12" ec="2" bec="0" bev="0" fileid="6" />
              </SequencePoints>
              <BranchPoints>
                <BranchPoint vc="2" uspid="11" ordinal="0" path="0" offset="4" offsetend="6" sl="11" fileid="6" />
                <BranchPoint vc="2" uspid="11" ordinal="1" path="1" offset="4" offsetend="37" sl="11" fileid="6" />
              </BranchPoints>
              <MethodPoint vc="3" uspid="0" p8:type="SequencePoint" ordinal="0" offset="0" sc="0" sl="10" ec="1" el="12" bec="0" bev="0" fileid="6" xmlns:p8="xsi" />
            </Method>
            <Method cyclomaticComplexity="2" nPathComplexity="0" sequenceCoverage="100" branchCoverage="100" isConstructor="False" isGetter="False" isSetter="False" isStatic="True">
              <Summary numSequencePoints="3" visitedSequencePoints="3" numBranchPoints="2" visitedBranchPoints="2" sequenceCoverage="100" branchCoverage="100" maxCyclomaticComplexity="2" minCyclomaticComplexity="2" visitedClasses="0" numClasses="0" visitedMethods="1" numMethods="1" />
              <MetadataToken />
              <Name>System.Void PizzaBox.Domain.Models.Pizzas.MeatPizza::AddSize(PizzaBox.Domain.Models.Size)</Name>
              <FileRef uid="6" />
              <SequencePoints>
                <SequencePoint vc="2" uspid="15" ordinal="0" sl="15" sc="1" el="15" ec="2" bec="0" bev="0" fileid="6" />
                <SequencePoint vc="2" uspid="16" ordinal="1" sl="16" sc="1" el="16" ec="2" bec="2" bev="2" fileid="6" />
                <SequencePoint vc="2" uspid="17" ordinal="2" sl="17" sc="1" el="17" ec="2" bec="0" bev="0" fileid="6" />
              </SequencePoints>
              <BranchPoints>
                <BranchPoint vc="2" uspid="16" ordinal="0" path="0" offset="4" offsetend="6" sl="16" fileid="6" />
                <BranchPoint vc="2" uspid="16" ordinal="1" path="1" offset="4" offsetend="38" sl="16" fileid="6" />
              </BranchPoints>
              <MethodPoint vc="3" uspid="0" p8:type="SequencePoint" ordinal="1" offset="1" sc="0" sl="15" ec="1" el="17" bec="0" bev="0" fileid="6" xmlns:p8="xsi" />
            </Method>
            <Method cyclomaticComplexity="1" nPathComplexity="0" sequenceCoverage="100" branchCoverage="100" isConstructor="False" isGetter="False" isSetter="False" isStatic="True">
              <Summary numSequencePoints="7" visitedSequencePoints="7" numBranchPoints="0" visitedBranchPoints="0" sequenceCoverage="100" branchCoverage="100" maxCyclomaticComplexity="1" minCyclomaticComplexity="1" visitedClasses="0" numClasses="0" visitedMethods="1" numMethods="1" />
              <MetadataToken />
              <Name>System.Void PizzaBox.Domain.Models.Pizzas.MeatPizza::AddToppings(PizzaBox.Domain.Models.Topping[])</Name>
              <FileRef uid="6" />
              <SequencePoints>
                <SequencePoint vc="2" uspid="20" ordinal="0" sl="20" sc="1" el="20" ec="2" bec="0" bev="0" fileid="6" />
                <SequencePoint vc="2" uspid="21" ordinal="1" sl="21" sc="1" el="21" ec="2" bec="0" bev="0" fileid="6" />
                <SequencePoint vc="2" uspid="22" ordinal="2" sl="22" sc="1" el="22" ec="2" bec="0" bev="0" fileid="6" />
                <SequencePoint vc="2" uspid="23" ordinal="3" sl="23" sc="1" el="23" ec="2" bec="0" bev="0" fileid="6" />
                <SequencePoint vc="2" uspid="24" ordinal="4" sl="24" sc="1" el="24" ec="2" bec="0" bev="0" fileid="6" />
                <SequencePoint vc="2" uspid="25" ordinal="5" sl="25" sc="1" el="25" ec="2" bec="0" bev="0" fileid="6" />
                <SequencePoint vc="2" uspid="26" ordinal="6" sl="26" sc="1" el="26" ec="2" bec="0" bev="0" fileid="6" />
              </SequencePoints>
              <BranchPoints />
              <MethodPoint vc="7" uspid="0" p8:type="SequencePoint" ordinal="2" offset="2" sc="0" sl="20" ec="1" el="26" bec="0" bev="0" fileid="6" xmlns:p8="xsi" />
            </Method>
          </Methods>
        </Class>
        <Class>
          <Summary numSequencePoints="13" visitedSequencePoints="0" numBranchPoints="4" visitedBranchPoints="0" sequenceCoverage="0" branchCoverage="0" maxCyclomaticComplexity="2" minCyclomaticComplexity="1" visitedClasses="0" numClasses="1" visitedMethods="0" numMethods="3" />
          <FullName>PizzaBox.Domain.Models.Pizzas.SupremePizza</FullName>
          <Methods>
            <Method cyclomaticComplexity="2" nPathComplexity="0" sequenceCoverage="0" branchCoverage="0" isConstructor="False" isGetter="False" isSetter="False" isStatic="True">
              <Summary numSequencePoints="3" visitedSequencePoints="0" numBranchPoints="2" visitedBranchPoints="0" sequenceCoverage="0" branchCoverage="0" maxCyclomaticComplexity="2" minCyclomaticComplexity="2" visitedClasses="0" numClasses="0" visitedMethods="0" numMethods="1" />
              <MetadataToken />
              <Name>System.Void PizzaBox.Domain.Models.Pizzas.SupremePizza::AddCrust(PizzaBox.Domain.Models.Crust)</Name>
              <FileRef uid="7" />
              <SequencePoints>
                <SequencePoint vc="0" uspid="10" ordinal="0" sl="10" sc="1" el="10" ec="2" bec="0" bev="0" fileid="7" />
                <SequencePoint vc="0" uspid="11" ordinal="1" sl="11" sc="1" el="11" ec="2" bec="2" bev="0" fileid="7" />
                <SequencePoint vc="0" uspid="12" ordinal="2" sl="12" sc="1" el="12" ec="2" bec="0" bev="0" fileid="7" />
              </SequencePoints>
              <BranchPoints>
                <BranchPoint vc="0" uspid="11" ordinal="0" path="0" offset="4" offsetend="6" sl="11" fileid="7" />
                <BranchPoint vc="0" uspid="11" ordinal="1" path="1" offset="4" offsetend="37" sl="11" fileid="7" />
              </BranchPoints>
              <MethodPoint vc="0" uspid="0" p8:type="SequencePoint" ordinal="0" offset="0" sc="0" sl="10" ec="1" el="12" bec="0" bev="0" fileid="7" xmlns:p8="xsi" />
            </Method>
            <Method cyclomaticComplexity="2" nPathComplexity="0" sequenceCoverage="0" branchCoverage="0" isConstructor="False" isGetter="False" isSetter="False" isStatic="True">
              <Summary numSequencePoints="3" visitedSequencePoints="0" numBranchPoints="2" visitedBranchPoints="0" sequenceCoverage="0" branchCoverage="0" maxCyclomaticComplexity="2" minCyclomaticComplexity="2" visitedClasses="0" numClasses="0" visitedMethods="0" numMethods="1" />
              <MetadataToken />
              <Name>System.Void PizzaBox.Domain.Models.Pizzas.SupremePizza::AddSize(PizzaBox.Domain.Models.Size)</Name>
              <FileRef uid="7" />
              <SequencePoints>
                <SequencePoint vc="0" uspid="15" ordinal="0" sl="15" sc="1" el="15" ec="2" bec="0" bev="0" fileid="7" />
                <SequencePoint vc="0" uspid="16" ordinal="1" sl="16" sc="1" el="16" ec="2" bec="2" bev="0" fileid="7" />
                <SequencePoint vc="0" uspid="17" ordinal="2" sl="17" sc="1" el="17" ec="2" bec="0" bev="0" fileid="7" />
              </SequencePoints>
              <BranchPoints>
                <BranchPoint vc="0" uspid="16" ordinal="0" path="0" offset="4" offsetend="6" sl="16" fileid="7" />
                <BranchPoint vc="0" uspid="16" ordinal="1" path="1" offset="4" offsetend="38" sl="16" fileid="7" />
              </BranchPoints>
              <MethodPoint vc="0" uspid="0" p8:type="SequencePoint" ordinal="1" offset="1" sc="0" sl="15" ec="1" el="17" bec="0" bev="0" fileid="7" xmlns:p8="xsi" />
            </Method>
            <Method cyclomaticComplexity="1" nPathComplexity="0" sequenceCoverage="0" branchCoverage="100" isConstructor="False" isGetter="False" isSetter="False" isStatic="True">
              <Summary numSequencePoints="7" visitedSequencePoints="0" numBranchPoints="0" visitedBranchPoints="0" sequenceCoverage="0" branchCoverage="100" maxCyclomaticComplexity="1" minCyclomaticComplexity="1" visitedClasses="0" numClasses="0" visitedMethods="0" numMethods="1" />
              <MetadataToken />
              <Name>System.Void PizzaBox.Domain.Models.Pizzas.SupremePizza::AddToppings(PizzaBox.Domain.Models.Topping[])</Name>
              <FileRef uid="7" />
              <SequencePoints>
                <SequencePoint vc="0" uspid="20" ordinal="0" sl="20" sc="1" el="20" ec="2" bec="0" bev="0" fileid="7" />
                <SequencePoint vc="0" uspid="21" ordinal="1" sl="21" sc="1" el="21" ec="2" bec="0" bev="0" fileid="7" />
                <SequencePoint vc="0" uspid="22" ordinal="2" sl="22" sc="1" el="22" ec="2" bec="0" bev="0" fileid="7" />
                <SequencePoint vc="0" uspid="23" ordinal="3" sl="23" sc="1" el="23" ec="2" bec="0" bev="0" fileid="7" />
                <SequencePoint vc="0" uspid="24" ordinal="4" sl="24" sc="1" el="24" ec="2" bec="0" bev="0" fileid="7" />
                <SequencePoint vc="0" uspid="25" ordinal="5" sl="25" sc="1" el="25" ec="2" bec="0" bev="0" fileid="7" />
                <SequencePoint vc="0" uspid="26" ordinal="6" sl="26" sc="1" el="26" ec="2" bec="0" bev="0" fileid="7" />
              </SequencePoints>
              <BranchPoints />
              <MethodPoint vc="0" uspid="0" p8:type="SequencePoint" ordinal="2" offset="2" sc="0" sl="20" ec="1" el="26" bec="0" bev="0" fileid="7" xmlns:p8="xsi" />
            </Method>
          </Methods>
        </Class>
        <Class>
          <Summary numSequencePoints="6" visitedSequencePoints="2" numBranchPoints="2" visitedBranchPoints="0" sequenceCoverage="33.33" branchCoverage="0" maxCyclomaticComplexity="2" minCyclomaticComplexity="1" visitedClasses="1" numClasses="1" visitedMethods="2" numMethods="4" />
          <FullName>PizzaBox.Domain.Abstracts.AComponent</FullName>
          <Methods>
            <Method cyclomaticComplexity="1" nPathComplexity="0" sequenceCoverage="100" branchCoverage="100" isConstructor="False" isGetter="True" isSetter="False" isStatic="True">
              <Summary numSequencePoints="1" visitedSequencePoints="1" numBranchPoints="0" visitedBranchPoints="0" sequenceCoverage="100" branchCoverage="100" maxCyclomaticComplexity="1" minCyclomaticComplexity="1" visitedClasses="0" numClasses="0" visitedMethods="1" numMethods="1" />
              <MetadataToken />
              <Name>System.String PizzaBox.Domain.Abstracts.AComponent::get_Name()</Name>
              <FileRef uid="8" />
              <SequencePoints>
                <SequencePoint vc="16" uspid="11" ordinal="0" sl="11" sc="1" el="11" ec="2" bec="0" bev="0" fileid="8" />
              </SequencePoints>
              <BranchPoints />
              <MethodPoint vc="1" uspid="0" p8:type="SequencePoint" ordinal="0" offset="0" sc="0" sl="11" ec="1" el="11" bec="0" bev="0" fileid="8" xmlns:p8="xsi" />
            </Method>
            <Method cyclomaticComplexity="1" nPathComplexity="0" sequenceCoverage="100" branchCoverage="100" isConstructor="False" isGetter="True" isSetter="False" isStatic="True">
              <Summary numSequencePoints="1" visitedSequencePoints="1" numBranchPoints="0" visitedBranchPoints="0" sequenceCoverage="100" branchCoverage="100" maxCyclomaticComplexity="1" minCyclomaticComplexity="1" visitedClasses="0" numClasses="0" visitedMethods="1" numMethods="1" />
              <MetadataToken />
              <Name>System.Decimal PizzaBox.Domain.Abstracts.AComponent::get_Price()</Name>
              <FileRef uid="8" />
              <SequencePoints>
                <SequencePoint vc="12" uspid="12" ordinal="0" sl="12" sc="1" el="12" ec="2" bec="0" bev="0" fileid="8" />
              </SequencePoints>
              <BranchPoints />
              <MethodPoint vc="1" uspid="0" p8:type="SequencePoint" ordinal="1" offset="1" sc="0" sl="12" ec="1" el="12" bec="0" bev="0" fileid="8" xmlns:p8="xsi" />
            </Method>
            <Method cyclomaticComplexity="1" nPathComplexity="0" sequenceCoverage="0" branchCoverage="100" isConstructor="False" isGetter="True" isSetter="False" isStatic="True">
              <Summary numSequencePoints="1" visitedSequencePoints="0" numBranchPoints="0" visitedBranchPoints="0" sequenceCoverage="0" branchCoverage="100" maxCyclomaticComplexity="1" minCyclomaticComplexity="1" visitedClasses="0" numClasses="0" visitedMethods="0" numMethods="1" />
              <MetadataToken />
              <Name>System.Collections.Generic.ICollection`1&lt;PizzaBox.Domain.Abstracts.APizza&gt; PizzaBox.Domain.Abstracts.AComponent::get_Pizzas()</Name>
              <FileRef uid="8" />
              <SequencePoints>
                <SequencePoint vc="0" uspid="13" ordinal="0" sl="13" sc="1" el="13" ec="2" bec="0" bev="0" fileid="8" />
              </SequencePoints>
              <BranchPoints />
              <MethodPoint vc="0" uspid="0" p8:type="SequencePoint" ordinal="2" offset="2" sc="0" sl="13" ec="1" el="13" bec="0" bev="0" fileid="8" xmlns:p8="xsi" />
            </Method>
            <Method cyclomaticComplexity="2" nPathComplexity="0" sequenceCoverage="0" branchCoverage="0" isConstructor="False" isGetter="False" isSetter="False" isStatic="True">
              <Summary numSequencePoints="3" visitedSequencePoints="0" numBranchPoints="2" visitedBranchPoints="0" sequenceCoverage="0" branchCoverage="0" maxCyclomaticComplexity="2" minCyclomaticComplexity="2" visitedClasses="0" numClasses="0" visitedMethods="0" numMethods="1" />
              <MetadataToken />
              <Name>System.String PizzaBox.Domain.Abstracts.AComponent::ToString()</Name>
              <FileRef uid="8" />
              <SequencePoints>
                <SequencePoint vc="0" uspid="20" ordinal="0" sl="20" sc="1" el="20" ec="2" bec="0" bev="0" fileid="8" />
                <SequencePoint vc="0" uspid="21" ordinal="1" sl="21" sc="1" el="21" ec="2" bec="2" bev="0" fileid="8" />
                <SequencePoint vc="0" uspid="22" ordinal="2" sl="22" sc="1" el="22" ec="2" bec="0" bev="0" fileid="8" />
              </SequencePoints>
              <BranchPoints>
                <BranchPoint vc="0" uspid="21" ordinal="0" path="0" offset="8" offsetend="10" sl="21" fileid="8" />
                <BranchPoint vc="0" uspid="21" ordinal="1" path="1" offset="8" offsetend="16" sl="21" fileid="8" />
              </BranchPoints>
              <MethodPoint vc="0" uspid="0" p8:type="SequencePoint" ordinal="3" offset="3" sc="0" sl="20" ec="1" el="22" bec="0" bev="0" fileid="8" xmlns:p8="xsi" />
            </Method>
          </Methods>
        </Class>
        <Class>
          <Summary numSequencePoints="1" visitedSequencePoints="0" numBranchPoints="0" visitedBranchPoints="0" sequenceCoverage="0" branchCoverage="100" maxCyclomaticComplexity="1" minCyclomaticComplexity="1" visitedClasses="0" numClasses="1" visitedMethods="0" numMethods="1" />
          <FullName>PizzaBox.Domain.Abstracts.AEntity</FullName>
          <Methods>
            <Method cyclomaticComplexity="1" nPathComplexity="0" sequenceCoverage="0" branchCoverage="100" isConstructor="False" isGetter="True" isSetter="False" isStatic="True">
              <Summary numSequencePoints="1" visitedSequencePoints="0" numBranchPoints="0" visitedBranchPoints="0" sequenceCoverage="0" branchCoverage="100" maxCyclomaticComplexity="1" minCyclomaticComplexity="1" visitedClasses="0" numClasses="0" visitedMethods="0" numMethods="1" />
              <MetadataToken />
              <Name>System.Int64 PizzaBox.Domain.Abstracts.AEntity::get_EntityId()</Name>
              <FileRef uid="9" />
              <SequencePoints>
                <SequencePoint vc="0" uspid="5" ordinal="0" sl="5" sc="1" el="5" ec="2" bec="0" bev="0" fileid="9" />
              </SequencePoints>
              <BranchPoints />
              <MethodPoint vc="0" uspid="0" p8:type="SequencePoint" ordinal="0" offset="0" sc="0" sl="5" ec="1" el="5" bec="0" bev="0" fileid="9" xmlns:p8="xsi" />
            </Method>
          </Methods>
        </Class>
        <Class>
          <Summary numSequencePoints="16" visitedSequencePoints="12" numBranchPoints="0" visitedBranchPoints="0" sequenceCoverage="75" branchCoverage="100" maxCyclomaticComplexity="1" minCyclomaticComplexity="1" visitedClasses="1" numClasses="1" visitedMethods="5" numMethods="9" />
          <FullName>PizzaBox.Domain.Abstracts.APizza</FullName>
          <Methods>
            <Method cyclomaticComplexity="1" nPathComplexity="0" sequenceCoverage="100" branchCoverage="100" isConstructor="False" isGetter="True" isSetter="False" isStatic="True">
              <Summary numSequencePoints="1" visitedSequencePoints="1" numBranchPoints="0" visitedBranchPoints="0" sequenceCoverage="100" branchCoverage="100" maxCyclomaticComplexity="1" minCyclomaticComplexity="1" visitedClasses="0" numClasses="0" visitedMethods="1" numMethods="1" />
              <MetadataToken />
              <Name>PizzaBox.Domain.Models.Crust PizzaBox.Domain.Abstracts.APizza::get_Crust()</Name>
              <FileRef uid="10" />
              <SequencePoints>
                <SequencePoint vc="5" uspid="8" ordinal="0" sl="8" sc="1" el="8" ec="2" bec="0" bev="0" fileid="10" />
              </SequencePoints>
              <BranchPoints />
              <MethodPoint vc="1" uspid="0" p8:type="SequencePoint" ordinal="0" offset="0" sc="0" sl="8" ec="1" el="8" bec="0" bev="0" fileid="10" xmlns:p8="xsi" />
            </Method>
            <Method cyclomaticComplexity="1" nPathComplexity="0" sequenceCoverage="0" branchCoverage="100" isConstructor="False" isGetter="True" isSetter="False" isStatic="True">
              <Summary numSequencePoints="1" visitedSequencePoints="0" numBranchPoints="0" visitedBranchPoints="0" sequenceCoverage="0" branchCoverage="100" maxCyclomaticComplexity="1" minCyclomaticComplexity="1" visitedClasses="0" numClasses="0" visitedMethods="0" numMethods="1" />
              <MetadataToken />
              <Name>System.Int64 PizzaBox.Domain.Abstracts.APizza::get_CrustEntityId()</Name>
              <FileRef uid="10" />
              <SequencePoints>
                <SequencePoint vc="0" uspid="9" ordinal="0" sl="9" sc="1" el="9" ec="2" bec="0" bev="0" fileid="10" />
              </SequencePoints>
              <BranchPoints />
              <MethodPoint vc="0" uspid="0" p8:type="SequencePoint" ordinal="1" offset="1" sc="0" sl="9" ec="1" el="9" bec="0" bev="0" fileid="10" xmlns:p8="xsi" />
            </Method>
            <Method cyclomaticComplexity="1" nPathComplexity="0" sequenceCoverage="100" branchCoverage="100" isConstructor="False" isGetter="True" isSetter="False" isStatic="True">
              <Summary numSequencePoints="1" visitedSequencePoints="1" numBranchPoints="0" visitedBranchPoints="0" sequenceCoverage="100" branchCoverage="100" maxCyclomaticComplexity="1" minCyclomaticComplexity="1" visitedClasses="0" numClasses="0" visitedMethods="1" numMethods="1" />
              <MetadataToken />
              <Name>PizzaBox.Domain.Models.Size PizzaBox.Domain.Abstracts.APizza::get_Size()</Name>
              <FileRef uid="10" />
              <SequencePoints>
                <SequencePoint vc="5" uspid="10" ordinal="0" sl="10" sc="1" el="10" ec="2" bec="0" bev="0" fileid="10" />
              </SequencePoints>
              <BranchPoints />
              <MethodPoint vc="1" uspid="0" p8:type="SequencePoint" ordinal="2" offset="2" sc="0" sl="10" ec="1" el="10" bec="0" bev="0" fileid="10" xmlns:p8="xsi" />
            </Method>
            <Method cyclomaticComplexity="1" nPathComplexity="0" sequenceCoverage="0" branchCoverage="100" isConstructor="False" isGetter="True" isSetter="False" isStatic="True">
              <Summary numSequencePoints="1" visitedSequencePoints="0" numBranchPoints="0" visitedBranchPoints="0" sequenceCoverage="0" branchCoverage="100" maxCyclomaticComplexity="1" minCyclomaticComplexity="1" visitedClasses="0" numClasses="0" visitedMethods="0" numMethods="1" />
              <MetadataToken />
              <Name>System.Int64 PizzaBox.Domain.Abstracts.APizza::get_SizeEntityId()</Name>
              <FileRef uid="10" />
              <SequencePoints>
                <SequencePoint vc="0" uspid="11" ordinal="0" sl="11" sc="1" el="11" ec="2" bec="0" bev="0" fileid="10" />
              </SequencePoints>
              <BranchPoints />
              <MethodPoint vc="0" uspid="0" p8:type="SequencePoint" ordinal="3" offset="3" sc="0" sl="11" ec="1" el="11" bec="0" bev="0" fileid="10" xmlns:p8="xsi" />
            </Method>
            <Method cyclomaticComplexity="1" nPathComplexity="0" sequenceCoverage="0" branchCoverage="100" isConstructor="False" isGetter="True" isSetter="False" isStatic="True">
              <Summary numSequencePoints="1" visitedSequencePoints="0" numBranchPoints="0" visitedBranchPoints="0" sequenceCoverage="0" branchCoverage="100" maxCyclomaticComplexity="1" minCyclomaticComplexity="1" visitedClasses="0" numClasses="0" visitedMethods="0" numMethods="1" />
              <MetadataToken />
              <Name>PizzaBox.Domain.Models.Order PizzaBox.Domain.Abstracts.APizza::get_Order()</Name>
              <FileRef uid="10" />
              <SequencePoints>
                <SequencePoint vc="0" uspid="12" ordinal="0" sl="12" sc="1" el="12" ec="2" bec="0" bev="0" fileid="10" />
              </SequencePoints>
              <BranchPoints />
              <MethodPoint vc="0" uspid="0" p8:type="SequencePoint" ordinal="4" offset="4" sc="0" sl="12" ec="1" el="12" bec="0" bev="0" fileid="10" xmlns:p8="xsi" />
            </Method>
            <Method cyclomaticComplexity="1" nPathComplexity="0" sequenceCoverage="0" branchCoverage="100" isConstructor="False" isGetter="True" isSetter="False" isStatic="True">
              <Summary numSequencePoints="1" visitedSequencePoints="0" numBranchPoints="0" visitedBranchPoints="0" sequenceCoverage="0" branchCoverage="100" maxCyclomaticComplexity="1" minCyclomaticComplexity="1" visitedClasses="0" numClasses="0" visitedMethods="0" numMethods="1" />
              <MetadataToken />
              <Name>System.Int64 PizzaBox.Domain.Abstracts.APizza::get_OrderEntityId()</Name>
              <FileRef uid="10" />
              <SequencePoints>
                <SequencePoint vc="0" uspid="13" ordinal="0" sl="13" sc="1" el="13" ec="2" bec="0" bev="0" fileid="10" />
              </SequencePoints>
              <BranchPoints />
              <MethodPoint vc="0" uspid="0" p8:type="SequencePoint" ordinal="5" offset="5" sc="0" sl="13" ec="1" el="13" bec="0" bev="0" fileid="10" xmlns:p8="xsi" />
            </Method>
            <Method cyclomaticComplexity="1" nPathComplexity="0" sequenceCoverage="100" branchCoverage="100" isConstructor="False" isGetter="True" isSetter="False" isStatic="True">
              <Summary numSequencePoints="1" visitedSequencePoints="1" numBranchPoints="0" visitedBranchPoints="0" sequenceCoverage="100" branchCoverage="100" maxCyclomaticComplexity="1" minCyclomaticComplexity="1" visitedClasses="0" numClasses="0" visitedMethods="1" numMethods="1" />
              <MetadataToken />
              <Name>System.Collections.Generic.List`1&lt;PizzaBox.Domain.Models.Topping&gt; PizzaBox.Domain.Abstracts.APizza::get_Toppings()</Name>
              <FileRef uid="10" />
              <SequencePoints>
                <SequencePoint vc="5" uspid="14" ordinal="0" sl="14" sc="1" el="14" ec="2" bec="0" bev="0" fileid="10" />
              </SequencePoints>
              <BranchPoints />
              <MethodPoint vc="1" uspid="0" p8:type="SequencePoint" ordinal="6" offset="6" sc="0" sl="14" ec="1" el="14" bec="0" bev="0" fileid="10" xmlns:p8="xsi" />
            </Method>
            <Method cyclomaticComplexity="1" nPathComplexity="0" sequenceCoverage="100" branchCoverage="100" isConstructor="True" isGetter="False" isSetter="False" isStatic="True">
              <Summary numSequencePoints="5" visitedSequencePoints="5" numBranchPoints="0" visitedBranchPoints="0" sequenceCoverage="100" branchCoverage="100" maxCyclomaticComplexity="1" minCyclomaticComplexity="1" visitedClasses="0" numClasses="0" visitedMethods="1" numMethods="1" />
              <MetadataToken />
              <Name>System.Void PizzaBox.Domain.Abstracts.APizza::Factory()</Name>
              <FileRef uid="10" />
              <SequencePoints>
                <SequencePoint vc="4" uspid="22" ordinal="0" sl="22" sc="1" el="22" ec="2" bec="0" bev="0" fileid="10" />
                <SequencePoint vc="4" uspid="23" ordinal="1" sl="23" sc="1" el="23" ec="2" bec="0" bev="0" fileid="10" />
                <SequencePoint vc="4" uspid="24" ordinal="2" sl="24" sc="1" el="24" ec="2" bec="0" bev="0" fileid="10" />
                <SequencePoint vc="4" uspid="25" ordinal="3" sl="25" sc="1" el="25" ec="2" bec="0" bev="0" fileid="10" />
                <SequencePoint vc="4" uspid="26" ordinal="4" sl="26" sc="1" el="26" ec="2" bec="0" bev="0" fileid="10" />
              </SequencePoints>
              <BranchPoints />
              <MethodPoint vc="5" uspid="0" p8:type="SequencePoint" ordinal="7" offset="7" sc="0" sl="22" ec="1" el="26" bec="0" bev="0" fileid="10" xmlns:p8="xsi" />
            </Method>
            <Method cyclomaticComplexity="1" nPathComplexity="0" sequenceCoverage="100" branchCoverage="100" isConstructor="True" isGetter="False" isSetter="False" isStatic="True">
              <Summary numSequencePoints="4" visitedSequencePoints="4" numBranchPoints="0" visitedBranchPoints="0" sequenceCoverage="100" branchCoverage="100" maxCyclomaticComplexity="1" minCyclomaticComplexity="1" visitedClasses="0" numClasses="0" visitedMethods="1" numMethods="1" />
              <MetadataToken />
              <Name>System.Void PizzaBox.Domain.Abstracts.APizza::.ctor()</Name>
              <FileRef uid="10" />
              <SequencePoints>
                <SequencePoint vc="4" uspid="16" ordinal="0" sl="16" sc="1" el="16" ec="2" bec="0" bev="0" fileid="10" />
                <SequencePoint vc="4" uspid="17" ordinal="1" sl="17" sc="1" el="17" ec="2" bec="0" bev="0" fileid="10" />
                <SequencePoint vc="4" uspid="18" ordinal="2" sl="18" sc="1" el="18" ec="2" bec="0" bev="0" fileid="10" />
                <SequencePoint vc="4" uspid="19" ordinal="3" sl="19" sc="1" el="19" ec="2" bec="0" bev="0" fileid="10" />
              </SequencePoints>
              <BranchPoints />
              <MethodPoint vc="4" uspid="0" p8:type="SequencePoint" ordinal="8" offset="8" sc="0" sl="16" ec="1" el="19" bec="0" bev="0" fileid="10" xmlns:p8="xsi" />
            </Method>
          </Methods>
        </Class>
        <Class>
          <Summary numSequencePoints="5" visitedSequencePoints="4" numBranchPoints="0" visitedBranchPoints="0" sequenceCoverage="80" branchCoverage="100" maxCyclomaticComplexity="1" minCyclomaticComplexity="1" visitedClasses="1" numClasses="1" visitedMethods="2" numMethods="3" />
          <FullName>PizzaBox.Domain.Abstracts.AStore</FullName>
          <Methods>
            <Method cyclomaticComplexity="1" nPathComplexity="0" sequenceCoverage="100" branchCoverage="100" isConstructor="False" isGetter="True" isSetter="False" isStatic="True">
              <Summary numSequencePoints="1" visitedSequencePoints="1" numBranchPoints="0" visitedBranchPoints="0" sequenceCoverage="100" branchCoverage="100" maxCyclomaticComplexity="1" minCyclomaticComplexity="1" visitedClasses="0" numClasses="0" visitedMethods="1" numMethods="1" />
              <MetadataToken />
              <Name>System.String PizzaBox.Domain.Abstracts.AStore::get_Name()</Name>
              <FileRef uid="11" />
              <SequencePoints>
                <SequencePoint vc="16" uspid="12" ordinal="0" sl="12" sc="1" el="12" ec="2" bec="0" bev="0" fileid="11" />
              </SequencePoints>
              <BranchPoints />
              <MethodPoint vc="1" uspid="0" p8:type="SequencePoint" ordinal="0" offset="0" sc="0" sl="12" ec="1" el="12" bec="0" bev="0" fileid="11" xmlns:p8="xsi" />
            </Method>
            <Method cyclomaticComplexity="1" nPathComplexity="0" sequenceCoverage="0" branchCoverage="100" isConstructor="False" isGetter="True" isSetter="False" isStatic="True">
              <Summary numSequencePoints="1" visitedSequencePoints="0" numBranchPoints="0" visitedBranchPoints="0" sequenceCoverage="0" branchCoverage="100" maxCyclomaticComplexity="1" minCyclomaticComplexity="1" visitedClasses="0" numClasses="0" visitedMethods="0" numMethods="1" />
              <MetadataToken />
              <Name>System.Collections.Generic.List`1&lt;PizzaBox.Domain.Models.Order&gt; PizzaBox.Domain.Abstracts.AStore::get_Orders()</Name>
              <FileRef uid="11" />
              <SequencePoints>
                <SequencePoint vc="0" uspid="13" ordinal="0" sl="13" sc="1" el="13" ec="2" bec="0" bev="0" fileid="11" />
              </SequencePoints>
              <BranchPoints />
              <MethodPoint vc="0" uspid="0" p8:type="SequencePoint" ordinal="1" offset="1" sc="0" sl="13" ec="1" el="13" bec="0" bev="0" fileid="11" xmlns:p8="xsi" />
            </Method>
            <Method cyclomaticComplexity="1" nPathComplexity="0" sequenceCoverage="100" branchCoverage="100" isConstructor="False" isGetter="False" isSetter="False" isStatic="True">
              <Summary numSequencePoints="3" visitedSequencePoints="3" numBranchPoints="0" visitedBranchPoints="0" sequenceCoverage="100" branchCoverage="100" maxCyclomaticComplexity="1" minCyclomaticComplexity="1" visitedClasses="0" numClasses="0" visitedMethods="1" numMethods="1" />
              <MetadataToken />
              <Name>System.String PizzaBox.Domain.Abstracts.AStore::ToString()</Name>
              <FileRef uid="11" />
              <SequencePoints>
                <SequencePoint vc="5" uspid="20" ordinal="0" sl="20" sc="1" el="20" ec="2" bec="0" bev="0" fileid="11" />
                <SequencePoint vc="5" uspid="21" ordinal="1" sl="21" sc="1" el="21" ec="2" bec="0" bev="0" fileid="11" />
                <SequencePoint vc="5" uspid="22" ordinal="2" sl="22" sc="1" el="22" ec="2" bec="0" bev="0" fileid="11" />
              </SequencePoints>
              <BranchPoints />
              <MethodPoint vc="3" uspid="0" p8:type="SequencePoint" ordinal="2" offset="2" sc="0" sl="20" ec="1" el="22" bec="0" bev="0" fileid="11" xmlns:p8="xsi" />
            </Method>
          </Methods>
        </Class>
      </Classes>
    </Module>
    <Module hash="8D94D20B-0EBC-40E1-9EB5-58CF719461B7">
      <ModulePath>PizzaBox.Storage.dll</ModulePath>
      <ModuleTime>2021-05-12T01:16:47</ModuleTime>
      <ModuleName>PizzaBox.Storage</ModuleName>
      <Files>
        <File uid="12" fullPath="/home/njdiemer/revature/project_pizzabox_web/PizzaBox.Storage/PizzaBoxContext.cs" />
        <File uid="13" fullPath="/home/njdiemer/revature/project_pizzabox_web/PizzaBox.Storage/UnitOfWork.cs" />
        <File uid="14" fullPath="/home/njdiemer/revature/project_pizzabox_web/PizzaBox.Storage/Repositories/CrustRepository.cs" />
        <File uid="15" fullPath="/home/njdiemer/revature/project_pizzabox_web/PizzaBox.Storage/Repositories/CustomerRepository.cs" />
        <File uid="16" fullPath="/home/njdiemer/revature/project_pizzabox_web/PizzaBox.Storage/Repositories/OrderRepository.cs" />
        <File uid="17" fullPath="/home/njdiemer/revature/project_pizzabox_web/PizzaBox.Storage/Repositories/PizzaRepository.cs" />
        <File uid="18" fullPath="/home/njdiemer/revature/project_pizzabox_web/PizzaBox.Storage/Repositories/SizeRepository.cs" />
        <File uid="19" fullPath="/home/njdiemer/revature/project_pizzabox_web/PizzaBox.Storage/Repositories/StoreRepository.cs" />
        <File uid="20" fullPath="/home/njdiemer/revature/project_pizzabox_web/PizzaBox.Storage/Repositories/ToppingRepository.cs" />
        <File uid="21" fullPath="/home/njdiemer/revature/project_pizzabox_web/PizzaBox.Storage/Migrations/20210511162843_initial migration.cs" />
        <File uid="22" fullPath="/home/njdiemer/revature/project_pizzabox_web/PizzaBox.Storage/Migrations/20210511162843_initial migration.Designer.cs" />
        <File uid="23" fullPath="/home/njdiemer/revature/project_pizzabox_web/PizzaBox.Storage/Migrations/PizzaBoxContextModelSnapshot.cs" />
      </Files>
      <Classes>
        <Class>
          <Summary numSequencePoints="73" visitedSequencePoints="0" numBranchPoints="0" visitedBranchPoints="0" sequenceCoverage="0" branchCoverage="100" maxCyclomaticComplexity="1" minCyclomaticComplexity="1" visitedClasses="0" numClasses="1" visitedMethods="0" numMethods="10" />
          <FullName>PizzaBox.Storage.PizzaBoxContext</FullName>
          <Methods>
            <Method cyclomaticComplexity="1" nPathComplexity="0" sequenceCoverage="0" branchCoverage="100" isConstructor="False" isGetter="True" isSetter="False" isStatic="True">
              <Summary numSequencePoints="1" visitedSequencePoints="0" numBranchPoints="0" visitedBranchPoints="0" sequenceCoverage="0" branchCoverage="100" maxCyclomaticComplexity="1" minCyclomaticComplexity="1" visitedClasses="0" numClasses="0" visitedMethods="0" numMethods="1" />
              <MetadataToken />
              <Name>Microsoft.EntityFrameworkCore.DbSet`1&lt;PizzaBox.Domain.Models.Customer&gt; PizzaBox.Storage.PizzaBoxContext::get_Customers()</Name>
              <FileRef uid="12" />
              <SequencePoints>
                <SequencePoint vc="0" uspid="13" ordinal="0" sl="13" sc="1" el="13" ec="2" bec="0" bev="0" fileid="12" />
              </SequencePoints>
              <BranchPoints />
              <MethodPoint vc="0" uspid="0" p8:type="SequencePoint" ordinal="0" offset="0" sc="0" sl="13" ec="1" el="13" bec="0" bev="0" fileid="12" xmlns:p8="xsi" />
            </Method>
            <Method cyclomaticComplexity="1" nPathComplexity="0" sequenceCoverage="0" branchCoverage="100" isConstructor="False" isGetter="True" isSetter="False" isStatic="True">
              <Summary numSequencePoints="1" visitedSequencePoints="0" numBranchPoints="0" visitedBranchPoints="0" sequenceCoverage="0" branchCoverage="100" maxCyclomaticComplexity="1" minCyclomaticComplexity="1" visitedClasses="0" numClasses="0" visitedMethods="0" numMethods="1" />
              <MetadataToken />
              <Name>Microsoft.EntityFrameworkCore.DbSet`1&lt;PizzaBox.Domain.Models.Crust&gt; PizzaBox.Storage.PizzaBoxContext::get_Crusts()</Name>
              <FileRef uid="12" />
              <SequencePoints>
                <SequencePoint vc="0" uspid="14" ordinal="0" sl="14" sc="1" el="14" ec="2" bec="0" bev="0" fileid="12" />
              </SequencePoints>
              <BranchPoints />
              <MethodPoint vc="0" uspid="0" p8:type="SequencePoint" ordinal="1" offset="1" sc="0" sl="14" ec="1" el="14" bec="0" bev="0" fileid="12" xmlns:p8="xsi" />
            </Method>
            <Method cyclomaticComplexity="1" nPathComplexity="0" sequenceCoverage="0" branchCoverage="100" isConstructor="False" isGetter="True" isSetter="False" isStatic="True">
              <Summary numSequencePoints="1" visitedSequencePoints="0" numBranchPoints="0" visitedBranchPoints="0" sequenceCoverage="0" branchCoverage="100" maxCyclomaticComplexity="1" minCyclomaticComplexity="1" visitedClasses="0" numClasses="0" visitedMethods="0" numMethods="1" />
              <MetadataToken />
              <Name>Microsoft.EntityFrameworkCore.DbSet`1&lt;PizzaBox.Domain.Models.Order&gt; PizzaBox.Storage.PizzaBoxContext::get_Orders()</Name>
              <FileRef uid="12" />
              <SequencePoints>
                <SequencePoint vc="0" uspid="15" ordinal="0" sl="15" sc="1" el="15" ec="2" bec="0" bev="0" fileid="12" />
              </SequencePoints>
              <BranchPoints />
              <MethodPoint vc="0" uspid="0" p8:type="SequencePoint" ordinal="2" offset="2" sc="0" sl="15" ec="1" el="15" bec="0" bev="0" fileid="12" xmlns:p8="xsi" />
            </Method>
            <Method cyclomaticComplexity="1" nPathComplexity="0" sequenceCoverage="0" branchCoverage="100" isConstructor="False" isGetter="True" isSetter="False" isStatic="True">
              <Summary numSequencePoints="1" visitedSequencePoints="0" numBranchPoints="0" visitedBranchPoints="0" sequenceCoverage="0" branchCoverage="100" maxCyclomaticComplexity="1" minCyclomaticComplexity="1" visitedClasses="0" numClasses="0" visitedMethods="0" numMethods="1" />
              <MetadataToken />
              <Name>Microsoft.EntityFrameworkCore.DbSet`1&lt;PizzaBox.Domain.Abstracts.APizza&gt; PizzaBox.Storage.PizzaBoxContext::get_Pizzas()</Name>
              <FileRef uid="12" />
              <SequencePoints>
                <SequencePoint vc="0" uspid="16" ordinal="0" sl="16" sc="1" el="16" ec="2" bec="0" bev="0" fileid="12" />
              </SequencePoints>
              <BranchPoints />
              <MethodPoint vc="0" uspid="0" p8:type="SequencePoint" ordinal="3" offset="3" sc="0" sl="16" ec="1" el="16" bec="0" bev="0" fileid="12" xmlns:p8="xsi" />
            </Method>
            <Method cyclomaticComplexity="1" nPathComplexity="0" sequenceCoverage="0" branchCoverage="100" isConstructor="False" isGetter="True" isSetter="False" isStatic="True">
              <Summary numSequencePoints="1" visitedSequencePoints="0" numBranchPoints="0" visitedBranchPoints="0" sequenceCoverage="0" branchCoverage="100" maxCyclomaticComplexity="1" minCyclomaticComplexity="1" visitedClasses="0" numClasses="0" visitedMethods="0" numMethods="1" />
              <MetadataToken />
              <Name>Microsoft.EntityFrameworkCore.DbSet`1&lt;PizzaBox.Domain.Models.Size&gt; PizzaBox.Storage.PizzaBoxContext::get_Sizes()</Name>
              <FileRef uid="12" />
              <SequencePoints>
                <SequencePoint vc="0" uspid="17" ordinal="0" sl="17" sc="1" el="17" ec="2" bec="0" bev="0" fileid="12" />
              </SequencePoints>
              <BranchPoints />
              <MethodPoint vc="0" uspid="0" p8:type="SequencePoint" ordinal="4" offset="4" sc="0" sl="17" ec="1" el="17" bec="0" bev="0" fileid="12" xmlns:p8="xsi" />
            </Method>
            <Method cyclomaticComplexity="1" nPathComplexity="0" sequenceCoverage="0" branchCoverage="100" isConstructor="False" isGetter="True" isSetter="False" isStatic="True">
              <Summary numSequencePoints="1" visitedSequencePoints="0" numBranchPoints="0" visitedBranchPoints="0" sequenceCoverage="0" branchCoverage="100" maxCyclomaticComplexity="1" minCyclomaticComplexity="1" visitedClasses="0" numClasses="0" visitedMethods="0" numMethods="1" />
              <MetadataToken />
              <Name>Microsoft.EntityFrameworkCore.DbSet`1&lt;PizzaBox.Domain.Abstracts.AStore&gt; PizzaBox.Storage.PizzaBoxContext::get_Stores()</Name>
              <FileRef uid="12" />
              <SequencePoints>
                <SequencePoint vc="0" uspid="18" ordinal="0" sl="18" sc="1" el="18" ec="2" bec="0" bev="0" fileid="12" />
              </SequencePoints>
              <BranchPoints />
              <MethodPoint vc="0" uspid="0" p8:type="SequencePoint" ordinal="5" offset="5" sc="0" sl="18" ec="1" el="18" bec="0" bev="0" fileid="12" xmlns:p8="xsi" />
            </Method>
            <Method cyclomaticComplexity="1" nPathComplexity="0" sequenceCoverage="0" branchCoverage="100" isConstructor="False" isGetter="True" isSetter="False" isStatic="True">
              <Summary numSequencePoints="1" visitedSequencePoints="0" numBranchPoints="0" visitedBranchPoints="0" sequenceCoverage="0" branchCoverage="100" maxCyclomaticComplexity="1" minCyclomaticComplexity="1" visitedClasses="0" numClasses="0" visitedMethods="0" numMethods="1" />
              <MetadataToken />
              <Name>Microsoft.EntityFrameworkCore.DbSet`1&lt;PizzaBox.Domain.Models.Topping&gt; PizzaBox.Storage.PizzaBoxContext::get_Toppings()</Name>
              <FileRef uid="12" />
              <SequencePoints>
                <SequencePoint vc="0" uspid="19" ordinal="0" sl="19" sc="1" el="19" ec="2" bec="0" bev="0" fileid="12" />
              </SequencePoints>
              <BranchPoints />
              <MethodPoint vc="0" uspid="0" p8:type="SequencePoint" ordinal="6" offset="6" sc="0" sl="19" ec="1" el="19" bec="0" bev="0" fileid="12" xmlns:p8="xsi" />
            </Method>
            <Method cyclomaticComplexity="1" nPathComplexity="0" sequenceCoverage="0" branchCoverage="100" isConstructor="False" isGetter="False" isSetter="False" isStatic="True">
              <Summary numSequencePoints="15" visitedSequencePoints="0" numBranchPoints="0" visitedBranchPoints="0" sequenceCoverage="0" branchCoverage="100" maxCyclomaticComplexity="1" minCyclomaticComplexity="1" visitedClasses="0" numClasses="0" visitedMethods="0" numMethods="1" />
              <MetadataToken />
              <Name>System.Void PizzaBox.Storage.PizzaBoxContext::OnModelCreating(Microsoft.EntityFrameworkCore.ModelBuilder)</Name>
              <FileRef uid="12" />
              <SequencePoints>
                <SequencePoint vc="0" uspid="27" ordinal="0" sl="27" sc="1" el="27" ec="2" bec="0" bev="0" fileid="12" />
                <SequencePoint vc="0" uspid="28" ordinal="1" sl="28" sc="1" el="28" ec="2" bec="0" bev="0" fileid="12" />
                <SequencePoint vc="0" uspid="29" ordinal="2" sl="29" sc="1" el="29" ec="2" bec="0" bev="0" fileid="12" />
                <SequencePoint vc="0" uspid="30" ordinal="3" sl="30" sc="1" el="30" ec="2" bec="0" bev="0" fileid="12" />
                <SequencePoint vc="0" uspid="31" ordinal="4" sl="31" sc="1" el="31" ec="2" bec="0" bev="0" fileid="12" />
                <SequencePoint vc="0" uspid="33" ordinal="5" sl="33" sc="1" el="33" ec="2" bec="0" bev="0" fileid="12" />
                <SequencePoint vc="0" uspid="34" ordinal="6" sl="34" sc="1" el="34" ec="2" bec="0" bev="0" fileid="12" />
                <SequencePoint vc="0" uspid="35" ordinal="7" sl="35" sc="1" el="35" ec="2" bec="0" bev="0" fileid="12" />
                <SequencePoint vc="0" uspid="37" ordinal="8" sl="37" sc="1" el="37" ec="2" bec="0" bev="0" fileid="12" />
                <SequencePoint vc="0" uspid="38" ordinal="9" sl="38" sc="1" el="38" ec="2" bec="0" bev="0" fileid="12" />
                <SequencePoint vc="0" uspid="39" ordinal="10" sl="39" sc="1" el="39" ec="2" bec="0" bev="0" fileid="12" />
                <SequencePoint vc="0" uspid="40" ordinal="11" sl="40" sc="1" el="40" ec="2" bec="0" bev="0" fileid="12" />
                <SequencePoint vc="0" uspid="41" ordinal="12" sl="41" sc="1" el="41" ec="2" bec="0" bev="0" fileid="12" />
                <SequencePoint vc="0" uspid="43" ordinal="13" sl="43" sc="1" el="43" ec="2" bec="0" bev="0" fileid="12" />
                <SequencePoint vc="0" uspid="44" ordinal="14" sl="44" sc="1" el="44" ec="2" bec="0" bev="0" fileid="12" />
              </SequencePoints>
              <BranchPoints />
              <MethodPoint vc="0" uspid="0" p8:type="SequencePoint" ordinal="7" offset="7" sc="0" sl="27" ec="1" el="44" bec="0" bev="0" fileid="12" xmlns:p8="xsi" />
            </Method>
            <Method cyclomaticComplexity="1" nPathComplexity="0" sequenceCoverage="0" branchCoverage="100" isConstructor="False" isGetter="False" isSetter="False" isStatic="True">
              <Summary numSequencePoints="48" visitedSequencePoints="0" numBranchPoints="0" visitedBranchPoints="0" sequenceCoverage="0" branchCoverage="100" maxCyclomaticComplexity="1" minCyclomaticComplexity="1" visitedClasses="0" numClasses="0" visitedMethods="0" numMethods="1" />
              <MetadataToken />
              <Name>System.Void PizzaBox.Storage.PizzaBoxContext::OnModelSeeding(Microsoft.EntityFrameworkCore.ModelBuilder)</Name>
              <FileRef uid="12" />
              <SequencePoints>
                <SequencePoint vc="0" uspid="47" ordinal="0" sl="47" sc="1" el="47" ec="2" bec="0" bev="0" fileid="12" />
                <SequencePoint vc="0" uspid="48" ordinal="1" sl="48" sc="1" el="48" ec="2" bec="0" bev="0" fileid="12" />
                <SequencePoint vc="0" uspid="49" ordinal="2" sl="49" sc="1" el="49" ec="2" bec="0" bev="0" fileid="12" />
                <SequencePoint vc="0" uspid="50" ordinal="3" sl="50" sc="1" el="50" ec="2" bec="0" bev="0" fileid="12" />
                <SequencePoint vc="0" uspid="51" ordinal="4" sl="51" sc="1" el="51" ec="2" bec="0" bev="0" fileid="12" />
                <SequencePoint vc="0" uspid="53" ordinal="5" sl="53" sc="1" el="53" ec="2" bec="0" bev="0" fileid="12" />
                <SequencePoint vc="0" uspid="54" ordinal="6" sl="54" sc="1" el="54" ec="2" bec="0" bev="0" fileid="12" />
                <SequencePoint vc="0" uspid="55" ordinal="7" sl="55" sc="1" el="55" ec="2" bec="0" bev="0" fileid="12" />
                <SequencePoint vc="0" uspid="56" ordinal="8" sl="56" sc="1" el="56" ec="2" bec="0" bev="0" fileid="12" />
                <SequencePoint vc="0" uspid="57" ordinal="9" sl="57" sc="1" el="57" ec="2" bec="0" bev="0" fileid="12" />
                <SequencePoint vc="0" uspid="58" ordinal="10" sl="58" sc="1" el="58" ec="2" bec="0" bev="0" fileid="12" />
                <SequencePoint vc="0" uspid="60" ordinal="11" sl="60" sc="1" el="60" ec="2" bec="0" bev="0" fileid="12" />
                <SequencePoint vc="0" uspid="61" ordinal="12" sl="61" sc="1" el="61" ec="2" bec="0" bev="0" fileid="12" />
                <SequencePoint vc="0" uspid="62" ordinal="13" sl="62" sc="1" el="62" ec="2" bec="0" bev="0" fileid="12" />
                <SequencePoint vc="0" uspid="63" ordinal="14" sl="63" sc="1" el="63" ec="2" bec="0" bev="0" fileid="12" />
                <SequencePoint vc="0" uspid="65" ordinal="15" sl="65" sc="1" el="65" ec="2" bec="0" bev="0" fileid="12" />
                <SequencePoint vc="0" uspid="66" ordinal="16" sl="66" sc="1" el="66" ec="2" bec="0" bev="0" fileid="12" />
                <SequencePoint vc="0" uspid="67" ordinal="17" sl="67" sc="1" el="67" ec="2" bec="0" bev="0" fileid="12" />
                <SequencePoint vc="0" uspid="68" ordinal="18" sl="68" sc="1" el="68" ec="2" bec="0" bev="0" fileid="12" />
                <SequencePoint vc="0" uspid="69" ordinal="19" sl="69" sc="1" el="69" ec="2" bec="0" bev="0" fileid="12" />
                <SequencePoint vc="0" uspid="70" ordinal="20" sl="70" sc="1" el="70" ec="2" bec="0" bev="0" fileid="12" />
                <SequencePoint vc="0" uspid="72" ordinal="21" sl="72" sc="1" el="72" ec="2" bec="0" bev="0" fileid="12" />
                <SequencePoint vc="0" uspid="73" ordinal="22" sl="73" sc="1" el="73" ec="2" bec="0" bev="0" fileid="12" />
                <SequencePoint vc="0" uspid="74" ordinal="23" sl="74" sc="1" el="74" ec="2" bec="0" bev="0" fileid="12" />
                <SequencePoint vc="0" uspid="75" ordinal="24" sl="75" sc="1" el="75" ec="2" bec="0" bev="0" fileid="12" />
                <SequencePoint vc="0" uspid="77" ordinal="25" sl="77" sc="1" el="77" ec="2" bec="0" bev="0" fileid="12" />
                <SequencePoint vc="0" uspid="78" ordinal="26" sl="78" sc="1" el="78" ec="2" bec="0" bev="0" fileid="12" />
                <SequencePoint vc="0" uspid="79" ordinal="27" sl="79" sc="1" el="79" ec="2" bec="0" bev="0" fileid="12" />
                <SequencePoint vc="0" uspid="80" ordinal="28" sl="80" sc="1" el="80" ec="2" bec="0" bev="0" fileid="12" />
                <SequencePoint vc="0" uspid="82" ordinal="29" sl="82" sc="1" el="82" ec="2" bec="0" bev="0" fileid="12" />
                <SequencePoint vc="0" uspid="83" ordinal="30" sl="83" sc="1" el="83" ec="2" bec="0" bev="0" fileid="12" />
                <SequencePoint vc="0" uspid="84" ordinal="31" sl="84" sc="1" el="84" ec="2" bec="0" bev="0" fileid="12" />
                <SequencePoint vc="0" uspid="85" ordinal="32" sl="85" sc="1" el="85" ec="2" bec="0" bev="0" fileid="12" />
                <SequencePoint vc="0" uspid="86" ordinal="33" sl="86" sc="1" el="86" ec="2" bec="0" bev="0" fileid="12" />
                <SequencePoint vc="0" uspid="87" ordinal="34" sl="87" sc="1" el="87" ec="2" bec="0" bev="0" fileid="12" />
                <SequencePoint vc="0" uspid="88" ordinal="35" sl="88" sc="1" el="88" ec="2" bec="0" bev="0" fileid="12" />
                <SequencePoint vc="0" uspid="89" ordinal="36" sl="89" sc="1" el="89" ec="2" bec="0" bev="0" fileid="12" />
                <SequencePoint vc="0" uspid="90" ordinal="37" sl="90" sc="1" el="90" ec="2" bec="0" bev="0" fileid="12" />
                <SequencePoint vc="0" uspid="91" ordinal="38" sl="91" sc="1" el="91" ec="2" bec="0" bev="0" fileid="12" />
                <SequencePoint vc="0" uspid="93" ordinal="39" sl="93" sc="1" el="93" ec="2" bec="0" bev="0" fileid="12" />
                <SequencePoint vc="0" uspid="94" ordinal="40" sl="94" sc="1" el="94" ec="2" bec="0" bev="0" fileid="12" />
                <SequencePoint vc="0" uspid="95" ordinal="41" sl="95" sc="1" el="95" ec="2" bec="0" bev="0" fileid="12" />
                <SequencePoint vc="0" uspid="96" ordinal="42" sl="96" sc="1" el="96" ec="2" bec="0" bev="0" fileid="12" />
                <SequencePoint vc="0" uspid="97" ordinal="43" sl="97" sc="1" el="97" ec="2" bec="0" bev="0" fileid="12" />
                <SequencePoint vc="0" uspid="98" ordinal="44" sl="98" sc="1" el="98" ec="2" bec="0" bev="0" fileid="12" />
                <SequencePoint vc="0" uspid="99" ordinal="45" sl="99" sc="1" el="99" ec="2" bec="0" bev="0" fileid="12" />
                <SequencePoint vc="0" uspid="100" ordinal="46" sl="100" sc="1" el="100" ec="2" bec="0" bev="0" fileid="12" />
                <SequencePoint vc="0" uspid="101" ordinal="47" sl="101" sc="1" el="101" ec="2" bec="0" bev="0" fileid="12" />
              </SequencePoints>
              <BranchPoints />
              <MethodPoint vc="0" uspid="0" p8:type="SequencePoint" ordinal="8" offset="8" sc="0" sl="47" ec="1" el="101" bec="0" bev="0" fileid="12" xmlns:p8="xsi" />
            </Method>
            <Method cyclomaticComplexity="1" nPathComplexity="0" sequenceCoverage="0" branchCoverage="100" isConstructor="True" isGetter="False" isSetter="False" isStatic="True">
              <Summary numSequencePoints="3" visitedSequencePoints="0" numBranchPoints="0" visitedBranchPoints="0" sequenceCoverage="0" branchCoverage="100" maxCyclomaticComplexity="1" minCyclomaticComplexity="1" visitedClasses="0" numClasses="0" visitedMethods="0" numMethods="1" />
              <MetadataToken />
              <Name>System.Void PizzaBox.Storage.PizzaBoxContext::.ctor(Microsoft.EntityFrameworkCore.DbContextOptions)</Name>
              <FileRef uid="12" />
              <SequencePoints>
                <SequencePoint vc="0" uspid="21" ordinal="0" sl="21" sc="1" el="21" ec="2" bec="0" bev="0" fileid="12" />
                <SequencePoint vc="0" uspid="22" ordinal="1" sl="22" sc="1" el="22" ec="2" bec="0" bev="0" fileid="12" />
                <SequencePoint vc="0" uspid="24" ordinal="2" sl="24" sc="1" el="24" ec="2" bec="0" bev="0" fileid="12" />
              </SequencePoints>
              <BranchPoints />
              <MethodPoint vc="0" uspid="0" p8:type="SequencePoint" ordinal="9" offset="9" sc="0" sl="21" ec="1" el="24" bec="0" bev="0" fileid="12" xmlns:p8="xsi" />
            </Method>
          </Methods>
        </Class>
        <Class>
          <Summary numSequencePoints="21" visitedSequencePoints="0" numBranchPoints="0" visitedBranchPoints="0" sequenceCoverage="0" branchCoverage="100" maxCyclomaticComplexity="1" minCyclomaticComplexity="1" visitedClasses="0" numClasses="1" visitedMethods="0" numMethods="9" />
          <FullName>PizzaBox.Storage.UnitOfWork</FullName>
          <Methods>
            <Method cyclomaticComplexity="1" nPathComplexity="0" sequenceCoverage="0" branchCoverage="100" isConstructor="False" isGetter="True" isSetter="False" isStatic="True">
              <Summary numSequencePoints="1" visitedSequencePoints="0" numBranchPoints="0" visitedBranchPoints="0" sequenceCoverage="0" branchCoverage="100" maxCyclomaticComplexity="1" minCyclomaticComplexity="1" visitedClasses="0" numClasses="0" visitedMethods="0" numMethods="1" />
              <MetadataToken />
              <Name>PizzaBox.Storage.Repositories.CrustRepository PizzaBox.Storage.UnitOfWork::get_Crusts()</Name>
              <FileRef uid="13" />
              <SequencePoints>
                <SequencePoint vc="0" uspid="8" ordinal="0" sl="8" sc="1" el="8" ec="2" bec="0" bev="0" fileid="13" />
              </SequencePoints>
              <BranchPoints />
              <MethodPoint vc="0" uspid="0" p8:type="SequencePoint" ordinal="0" offset="0" sc="0" sl="8" ec="1" el="8" bec="0" bev="0" fileid="13" xmlns:p8="xsi" />
            </Method>
            <Method cyclomaticComplexity="1" nPathComplexity="0" sequenceCoverage="0" branchCoverage="100" isConstructor="False" isGetter="True" isSetter="False" isStatic="True">
              <Summary numSequencePoints="1" visitedSequencePoints="0" numBranchPoints="0" visitedBranchPoints="0" sequenceCoverage="0" branchCoverage="100" maxCyclomaticComplexity="1" minCyclomaticComplexity="1" visitedClasses="0" numClasses="0" visitedMethods="0" numMethods="1" />
              <MetadataToken />
              <Name>PizzaBox.Storage.Repositories.CustomerRepository PizzaBox.Storage.UnitOfWork::get_Customers()</Name>
              <FileRef uid="13" />
              <SequencePoints>
                <SequencePoint vc="0" uspid="9" ordinal="0" sl="9" sc="1" el="9" ec="2" bec="0" bev="0" fileid="13" />
              </SequencePoints>
              <BranchPoints />
              <MethodPoint vc="0" uspid="0" p8:type="SequencePoint" ordinal="1" offset="1" sc="0" sl="9" ec="1" el="9" bec="0" bev="0" fileid="13" xmlns:p8="xsi" />
            </Method>
            <Method cyclomaticComplexity="1" nPathComplexity="0" sequenceCoverage="0" branchCoverage="100" isConstructor="False" isGetter="True" isSetter="False" isStatic="True">
              <Summary numSequencePoints="1" visitedSequencePoints="0" numBranchPoints="0" visitedBranchPoints="0" sequenceCoverage="0" branchCoverage="100" maxCyclomaticComplexity="1" minCyclomaticComplexity="1" visitedClasses="0" numClasses="0" visitedMethods="0" numMethods="1" />
              <MetadataToken />
              <Name>PizzaBox.Storage.Repositories.OrderRepository PizzaBox.Storage.UnitOfWork::get_Orders()</Name>
              <FileRef uid="13" />
              <SequencePoints>
                <SequencePoint vc="0" uspid="10" ordinal="0" sl="10" sc="1" el="10" ec="2" bec="0" bev="0" fileid="13" />
              </SequencePoints>
              <BranchPoints />
              <MethodPoint vc="0" uspid="0" p8:type="SequencePoint" ordinal="2" offset="2" sc="0" sl="10" ec="1" el="10" bec="0" bev="0" fileid="13" xmlns:p8="xsi" />
            </Method>
            <Method cyclomaticComplexity="1" nPathComplexity="0" sequenceCoverage="0" branchCoverage="100" isConstructor="False" isGetter="True" isSetter="False" isStatic="True">
              <Summary numSequencePoints="1" visitedSequencePoints="0" numBranchPoints="0" visitedBranchPoints="0" sequenceCoverage="0" branchCoverage="100" maxCyclomaticComplexity="1" minCyclomaticComplexity="1" visitedClasses="0" numClasses="0" visitedMethods="0" numMethods="1" />
              <MetadataToken />
              <Name>PizzaBox.Storage.Repositories.PizzaRepository PizzaBox.Storage.UnitOfWork::get_Pizzas()</Name>
              <FileRef uid="13" />
              <SequencePoints>
                <SequencePoint vc="0" uspid="11" ordinal="0" sl="11" sc="1" el="11" ec="2" bec="0" bev="0" fileid="13" />
              </SequencePoints>
              <BranchPoints />
              <MethodPoint vc="0" uspid="0" p8:type="SequencePoint" ordinal="3" offset="3" sc="0" sl="11" ec="1" el="11" bec="0" bev="0" fileid="13" xmlns:p8="xsi" />
            </Method>
            <Method cyclomaticComplexity="1" nPathComplexity="0" sequenceCoverage="0" branchCoverage="100" isConstructor="False" isGetter="True" isSetter="False" isStatic="True">
              <Summary numSequencePoints="1" visitedSequencePoints="0" numBranchPoints="0" visitedBranchPoints="0" sequenceCoverage="0" branchCoverage="100" maxCyclomaticComplexity="1" minCyclomaticComplexity="1" visitedClasses="0" numClasses="0" visitedMethods="0" numMethods="1" />
              <MetadataToken />
              <Name>PizzaBox.Storage.Repositories.SizeRepository PizzaBox.Storage.UnitOfWork::get_Sizes()</Name>
              <FileRef uid="13" />
              <SequencePoints>
                <SequencePoint vc="0" uspid="12" ordinal="0" sl="12" sc="1" el="12" ec="2" bec="0" bev="0" fileid="13" />
              </SequencePoints>
              <BranchPoints />
              <MethodPoint vc="0" uspid="0" p8:type="SequencePoint" ordinal="4" offset="4" sc="0" sl="12" ec="1" el="12" bec="0" bev="0" fileid="13" xmlns:p8="xsi" />
            </Method>
            <Method cyclomaticComplexity="1" nPathComplexity="0" sequenceCoverage="0" branchCoverage="100" isConstructor="False" isGetter="True" isSetter="False" isStatic="True">
[...]
                <SequencePoint vc="0" uspid="253" ordinal="230" sl="253" sc="1" el="253" ec="2" bec="0" bev="0" fileid="23" />
                <SequencePoint vc="0" uspid="254" ordinal="231" sl="254" sc="1" el="254" ec="2" bec="0" bev="0" fileid="23" />
                <SequencePoint vc="0" uspid="255" ordinal="232" sl="255" sc="1" el="255" ec="2" bec="0" bev="0" fileid="23" />
                <SequencePoint vc="0" uspid="256" ordinal="233" sl="256" sc="1" el="256" ec="2" bec="0" bev="0" fileid="23" />
                <SequencePoint vc="0" uspid="257" ordinal="234" sl="257" sc="1" el="257" ec="2" bec="0" bev="0" fileid="23" />
                <SequencePoint vc="0" uspid="258" ordinal="235" sl="258" sc="1" el="258" ec="2" bec="0" bev="0" fileid="23" />
                <SequencePoint vc="0" uspid="259" ordinal="236" sl="259" sc="1" el="259" ec="2" bec="0" bev="0" fileid="23" />
                <SequencePoint vc="0" uspid="260" ordinal="237" sl="260" sc="1" el="260" ec="2" bec="0" bev="0" fileid="23" />
                <SequencePoint vc="0" uspid="261" ordinal="238" sl="261" sc="1" el="261" ec="2" bec="0" bev="0" fileid="23" />
                <SequencePoint vc="0" uspid="262" ordinal="239" sl="262" sc="1" el="262" ec="2" bec="0" bev="0" fileid="23" />
                <SequencePoint vc="0" uspid="263" ordinal="240" sl="263" sc="1" el="263" ec="2" bec="0" bev="0" fileid="23" />
                <SequencePoint vc="0" uspid="264" ordinal="241" sl="264" sc="1" el="264" ec="2" bec="0" bev="0" fileid="23" />
                <SequencePoint vc="0" uspid="265" ordinal="242" sl="265" sc="1" el="265" ec="2" bec="0" bev="0" fileid="23" />
                <SequencePoint vc="0" uspid="266" ordinal="243" sl="266" sc="1" el="266" ec="2" bec="0" bev="0" fileid="23" />
                <SequencePoint vc="0" uspid="267" ordinal="244" sl="267" sc="1" el="267" ec="2" bec="0" bev="0" fileid="23" />
                <SequencePoint vc="0" uspid="268" ordinal="245" sl="268" sc="1" el="268" ec="2" bec="0" bev="0" fileid="23" />
                <SequencePoint vc="0" uspid="269" ordinal="246" sl="269" sc="1" el="269" ec="2" bec="0" bev="0" fileid="23" />
                <SequencePoint vc="0" uspid="270" ordinal="247" sl="270" sc="1" el="270" ec="2" bec="0" bev="0" fileid="23" />
                <SequencePoint vc="0" uspid="271" ordinal="248" sl="271" sc="1" el="271" ec="2" bec="0" bev="0" fileid="23" />
                <SequencePoint vc="0" uspid="272" ordinal="249" sl="272" sc="1" el="272" ec="2" bec="0" bev="0" fileid="23" />
                <SequencePoint vc="0" uspid="273" ordinal="250" sl="273" sc="1" el="273" ec="2" bec="0" bev="0" fileid="23" />
                <SequencePoint vc="0" uspid="274" ordinal="251" sl="274" sc="1" el="274" ec="2" bec="0" bev="0" fileid="23" />
                <SequencePoint vc="0" uspid="275" ordinal="252" sl="275" sc="1" el="275" ec="2" bec="0" bev="0" fileid="23" />
                <SequencePoint vc="0" uspid="276" ordinal="253" sl="276" sc="1" el="276" ec="2" bec="0" bev="0" fileid="23" />
                <SequencePoint vc="0" uspid="277" ordinal="254" sl="277" sc="1" el="277" ec="2" bec="0" bev="0" fileid="23" />
                <SequencePoint vc="0" uspid="278" ordinal="255" sl="278" sc="1" el="278" ec="2" bec="0" bev="0" fileid="23" />
                <SequencePoint vc="0" uspid="280" ordinal="256" sl="280" sc="1" el="280" ec="2" bec="0" bev="0" fileid="23" />
                <SequencePoint vc="0" uspid="281" ordinal="257" sl="281" sc="1" el="281" ec="2" bec="0" bev="0" fileid="23" />
                <SequencePoint vc="0" uspid="282" ordinal="258" sl="282" sc="1" el="282" ec="2" bec="0" bev="0" fileid="23" />
                <SequencePoint vc="0" uspid="283" ordinal="259" sl="283" sc="1" el="283" ec="2" bec="0" bev="0" fileid="23" />
                <SequencePoint vc="0" uspid="284" ordinal="260" sl="284" sc="1" el="284" ec="2" bec="0" bev="0" fileid="23" />
                <SequencePoint vc="0" uspid="285" ordinal="261" sl="285" sc="1" el="285" ec="2" bec="0" bev="0" fileid="23" />
                <SequencePoint vc="0" uspid="287" ordinal="262" sl="287" sc="1" el="287" ec="2" bec="0" bev="0" fileid="23" />
                <SequencePoint vc="0" uspid="288" ordinal="263" sl="288" sc="1" el="288" ec="2" bec="0" bev="0" fileid="23" />
                <SequencePoint vc="0" uspid="289" ordinal="264" sl="289" sc="1" el="289" ec="2" bec="0" bev="0" fileid="23" />
                <SequencePoint vc="0" uspid="290" ordinal="265" sl="290" sc="1" el="290" ec="2" bec="0" bev="0" fileid="23" />
                <SequencePoint vc="0" uspid="291" ordinal="266" sl="291" sc="1" el="291" ec="2" bec="0" bev="0" fileid="23" />
                <SequencePoint vc="0" uspid="292" ordinal="267" sl="292" sc="1" el="292" ec="2" bec="0" bev="0" fileid="23" />
                <SequencePoint vc="0" uspid="293" ordinal="268" sl="293" sc="1" el="293" ec="2" bec="0" bev="0" fileid="23" />
                <SequencePoint vc="0" uspid="294" ordinal="269" sl="294" sc="1" el="294" ec="2" bec="0" bev="0" fileid="23" />
                <SequencePoint vc="0" uspid="295" ordinal="270" sl="295" sc="1" el="295" ec="2" bec="0" bev="0" fileid="23" />
                <SequencePoint vc="0" uspid="296" ordinal="271" sl="296" sc="1" el="296" ec="2" bec="0" bev="0" fileid="23" />
                <SequencePoint vc="0" uspid="297" ordinal="272" sl="297" sc="1" el="297" ec="2" bec="0" bev="0" fileid="23" />
                <SequencePoint vc="0" uspid="298" ordinal="273" sl="298" sc="1" el="298" ec="2" bec="0" bev="0" fileid="23" />
                <SequencePoint vc="0" uspid="299" ordinal="274" sl="299" sc="1" el="299" ec="2" bec="0" bev="0" fileid="23" />
                <SequencePoint vc="0" uspid="300" ordinal="275" sl="300" sc="1" el="300" ec="2" bec="0" bev="0" fileid="23" />
                <SequencePoint vc="0" uspid="301" ordinal="276" sl="301" sc="1" el="301" ec="2" bec="0" bev="0" fileid="23" />
                <SequencePoint vc="0" uspid="303" ordinal="277" sl="303" sc="1" el="303" ec="2" bec="0" bev="0" fileid="23" />
                <SequencePoint vc="0" uspid="304" ordinal="278" sl="304" sc="1" el="304" ec="2" bec="0" bev="0" fileid="23" />
                <SequencePoint vc="0" uspid="305" ordinal="279" sl="305" sc="1" el="305" ec="2" bec="0" bev="0" fileid="23" />
                <SequencePoint vc="0" uspid="306" ordinal="280" sl="306" sc="1" el="306" ec="2" bec="0" bev="0" fileid="23" />
                <SequencePoint vc="0" uspid="307" ordinal="281" sl="307" sc="1" el="307" ec="2" bec="0" bev="0" fileid="23" />
                <SequencePoint vc="0" uspid="308" ordinal="282" sl="308" sc="1" el="308" ec="2" bec="0" bev="0" fileid="23" />
                <SequencePoint vc="0" uspid="310" ordinal="283" sl="310" sc="1" el="310" ec="2" bec="0" bev="0" fileid="23" />
                <SequencePoint vc="0" uspid="311" ordinal="284" sl="311" sc="1" el="311" ec="2" bec="0" bev="0" fileid="23" />
                <SequencePoint vc="0" uspid="312" ordinal="285" sl="312" sc="1" el="312" ec="2" bec="0" bev="0" fileid="23" />
                <SequencePoint vc="0" uspid="313" ordinal="286" sl="313" sc="1" el="313" ec="2" bec="0" bev="0" fileid="23" />
                <SequencePoint vc="0" uspid="314" ordinal="287" sl="314" sc="1" el="314" ec="2" bec="0" bev="0" fileid="23" />
                <SequencePoint vc="0" uspid="315" ordinal="288" sl="315" sc="1" el="315" ec="2" bec="0" bev="0" fileid="23" />
                <SequencePoint vc="0" uspid="316" ordinal="289" sl="316" sc="1" el="316" ec="2" bec="0" bev="0" fileid="23" />
                <SequencePoint vc="0" uspid="317" ordinal="290" sl="317" sc="1" el="317" ec="2" bec="0" bev="0" fileid="23" />
                <SequencePoint vc="0" uspid="318" ordinal="291" sl="318" sc="1" el="318" ec="2" bec="0" bev="0" fileid="23" />
                <SequencePoint vc="0" uspid="319" ordinal="292" sl="319" sc="1" el="319" ec="2" bec="0" bev="0" fileid="23" />
                <SequencePoint vc="0" uspid="320" ordinal="293" sl="320" sc="1" el="320" ec="2" bec="0" bev="0" fileid="23" />
                <SequencePoint vc="0" uspid="321" ordinal="294" sl="321" sc="1" el="321" ec="2" bec="0" bev="0" fileid="23" />
                <SequencePoint vc="0" uspid="322" ordinal="295" sl="322" sc="1" el="322" ec="2" bec="0" bev="0" fileid="23" />
                <SequencePoint vc="0" uspid="324" ordinal="296" sl="324" sc="1" el="324" ec="2" bec="0" bev="0" fileid="23" />
                <SequencePoint vc="0" uspid="325" ordinal="297" sl="325" sc="1" el="325" ec="2" bec="0" bev="0" fileid="23" />
                <SequencePoint vc="0" uspid="326" ordinal="298" sl="326" sc="1" el="326" ec="2" bec="0" bev="0" fileid="23" />
                <SequencePoint vc="0" uspid="327" ordinal="299" sl="327" sc="1" el="327" ec="2" bec="0" bev="0" fileid="23" />
                <SequencePoint vc="0" uspid="328" ordinal="300" sl="328" sc="1" el="328" ec="2" bec="0" bev="0" fileid="23" />
                <SequencePoint vc="0" uspid="329" ordinal="301" sl="329" sc="1" el="329" ec="2" bec="0" bev="0" fileid="23" />
                <SequencePoint vc="0" uspid="330" ordinal="302" sl="330" sc="1" el="330" ec="2" bec="0" bev="0" fileid="23" />
                <SequencePoint vc="0" uspid="331" ordinal="303" sl="331" sc="1" el="331" ec="2" bec="0" bev="0" fileid="23" />
                <SequencePoint vc="0" uspid="332" ordinal="304" sl="332" sc="1" el="332" ec="2" bec="0" bev="0" fileid="23" />
                <SequencePoint vc="0" uspid="333" ordinal="305" sl="333" sc="1" el="333" ec="2" bec="0" bev="0" fileid="23" />
                <SequencePoint vc="0" uspid="334" ordinal="306" sl="334" sc="1" el="334" ec="2" bec="0" bev="0" fileid="23" />
                <SequencePoint vc="0" uspid="335" ordinal="307" sl="335" sc="1" el="335" ec="2" bec="0" bev="0" fileid="23" />
                <SequencePoint vc="0" uspid="336" ordinal="308" sl="336" sc="1" el="336" ec="2" bec="0" bev="0" fileid="23" />
                <SequencePoint vc="0" uspid="338" ordinal="309" sl="338" sc="1" el="338" ec="2" bec="0" bev="0" fileid="23" />
                <SequencePoint vc="0" uspid="339" ordinal="310" sl="339" sc="1" el="339" ec="2" bec="0" bev="0" fileid="23" />
                <SequencePoint vc="0" uspid="340" ordinal="311" sl="340" sc="1" el="340" ec="2" bec="0" bev="0" fileid="23" />
                <SequencePoint vc="0" uspid="341" ordinal="312" sl="341" sc="1" el="341" ec="2" bec="0" bev="0" fileid="23" />
                <SequencePoint vc="0" uspid="342" ordinal="313" sl="342" sc="1" el="342" ec="2" bec="0" bev="0" fileid="23" />
                <SequencePoint vc="0" uspid="343" ordinal="314" sl="343" sc="1" el="343" ec="2" bec="0" bev="0" fileid="23" />
                <SequencePoint vc="0" uspid="344" ordinal="315" sl="344" sc="1" el="344" ec="2" bec="0" bev="0" fileid="23" />
                <SequencePoint vc="0" uspid="345" ordinal="316" sl="345" sc="1" el="345" ec="2" bec="0" bev="0" fileid="23" />
                <SequencePoint vc="0" uspid="346" ordinal="317" sl="346" sc="1" el="346" ec="2" bec="0" bev="0" fileid="23" />
                <SequencePoint vc="0" uspid="347" ordinal="318" sl="347" sc="1" el="347" ec="2" bec="0" bev="0" fileid="23" />
                <SequencePoint vc="0" uspid="348" ordinal="319" sl="348" sc="1" el="348" ec="2" bec="0" bev="0" fileid="23" />
                <SequencePoint vc="0" uspid="349" ordinal="320" sl="349" sc="1" el="349" ec="2" bec="0" bev="0" fileid="23" />
                <SequencePoint vc="0" uspid="350" ordinal="321" sl="350" sc="1" el="350" ec="2" bec="0" bev="0" fileid="23" />
                <SequencePoint vc="0" uspid="351" ordinal="322" sl="351" sc="1" el="351" ec="2" bec="0" bev="0" fileid="23" />
                <SequencePoint vc="0" uspid="353" ordinal="323" sl="353" sc="1" el="353" ec="2" bec="0" bev="0" fileid="23" />
                <SequencePoint vc="0" uspid="354" ordinal="324" sl="354" sc="1" el="354" ec="2" bec="0" bev="0" fileid="23" />
                <SequencePoint vc="0" uspid="355" ordinal="325" sl="355" sc="1" el="355" ec="2" bec="0" bev="0" fileid="23" />
                <SequencePoint vc="0" uspid="356" ordinal="326" sl="356" sc="1" el="356" ec="2" bec="0" bev="0" fileid="23" />
                <SequencePoint vc="0" uspid="357" ordinal="327" sl="357" sc="1" el="357" ec="2" bec="0" bev="0" fileid="23" />
                <SequencePoint vc="0" uspid="358" ordinal="328" sl="358" sc="1" el="358" ec="2" bec="0" bev="0" fileid="23" />
                <SequencePoint vc="0" uspid="359" ordinal="329" sl="359" sc="1" el="359" ec="2" bec="0" bev="0" fileid="23" />
                <SequencePoint vc="0" uspid="360" ordinal="330" sl="360" sc="1" el="360" ec="2" bec="0" bev="0" fileid="23" />
                <SequencePoint vc="0" uspid="361" ordinal="331" sl="361" sc="1" el="361" ec="2" bec="0" bev="0" fileid="23" />
                <SequencePoint vc="0" uspid="362" ordinal="332" sl="362" sc="1" el="362" ec="2" bec="0" bev="0" fileid="23" />
                <SequencePoint vc="0" uspid="363" ordinal="333" sl="363" sc="1" el="363" ec="2" bec="0" bev="0" fileid="23" />
                <SequencePoint vc="0" uspid="364" ordinal="334" sl="364" sc="1" el="364" ec="2" bec="0" bev="0" fileid="23" />
                <SequencePoint vc="0" uspid="365" ordinal="335" sl="365" sc="1" el="365" ec="2" bec="0" bev="0" fileid="23" />
                <SequencePoint vc="0" uspid="366" ordinal="336" sl="366" sc="1" el="366" ec="2" bec="0" bev="0" fileid="23" />
                <SequencePoint vc="0" uspid="367" ordinal="337" sl="367" sc="1" el="367" ec="2" bec="0" bev="0" fileid="23" />
                <SequencePoint vc="0" uspid="368" ordinal="338" sl="368" sc="1" el="368" ec="2" bec="0" bev="0" fileid="23" />
                <SequencePoint vc="0" uspid="369" ordinal="339" sl="369" sc="1" el="369" ec="2" bec="0" bev="0" fileid="23" />
                <SequencePoint vc="0" uspid="370" ordinal="340" sl="370" sc="1" el="370" ec="2" bec="0" bev="0" fileid="23" />
                <SequencePoint vc="0" uspid="371" ordinal="341" sl="371" sc="1" el="371" ec="2" bec="0" bev="0" fileid="23" />
                <SequencePoint vc="0" uspid="372" ordinal="342" sl="372" sc="1" el="372" ec="2" bec="0" bev="0" fileid="23" />
                <SequencePoint vc="0" uspid="373" ordinal="343" sl="373" sc="1" el="373" ec="2" bec="0" bev="0" fileid="23" />
                <SequencePoint vc="0" uspid="374" ordinal="344" sl="374" sc="1" el="374" ec="2" bec="0" bev="0" fileid="23" />
                <SequencePoint vc="0" uspid="375" ordinal="345" sl="375" sc="1" el="375" ec="2" bec="0" bev="0" fileid="23" />
                <SequencePoint vc="0" uspid="376" ordinal="346" sl="376" sc="1" el="376" ec="2" bec="0" bev="0" fileid="23" />
                <SequencePoint vc="0" uspid="377" ordinal="347" sl="377" sc="1" el="377" ec="2" bec="0" bev="0" fileid="23" />
                <SequencePoint vc="0" uspid="378" ordinal="348" sl="378" sc="1" el="378" ec="2" bec="0" bev="0" fileid="23" />
                <SequencePoint vc="0" uspid="380" ordinal="349" sl="380" sc="1" el="380" ec="2" bec="0" bev="0" fileid="23" />
                <SequencePoint vc="0" uspid="381" ordinal="350" sl="381" sc="1" el="381" ec="2" bec="0" bev="0" fileid="23" />
                <SequencePoint vc="0" uspid="382" ordinal="351" sl="382" sc="1" el="382" ec="2" bec="0" bev="0" fileid="23" />
                <SequencePoint vc="0" uspid="383" ordinal="352" sl="383" sc="1" el="383" ec="2" bec="0" bev="0" fileid="23" />
                <SequencePoint vc="0" uspid="384" ordinal="353" sl="384" sc="1" el="384" ec="2" bec="0" bev="0" fileid="23" />
                <SequencePoint vc="0" uspid="385" ordinal="354" sl="385" sc="1" el="385" ec="2" bec="0" bev="0" fileid="23" />
                <SequencePoint vc="0" uspid="386" ordinal="355" sl="386" sc="1" el="386" ec="2" bec="0" bev="0" fileid="23" />
                <SequencePoint vc="0" uspid="387" ordinal="356" sl="387" sc="1" el="387" ec="2" bec="0" bev="0" fileid="23" />
                <SequencePoint vc="0" uspid="388" ordinal="357" sl="388" sc="1" el="388" ec="2" bec="0" bev="0" fileid="23" />
                <SequencePoint vc="0" uspid="389" ordinal="358" sl="389" sc="1" el="389" ec="2" bec="0" bev="0" fileid="23" />
                <SequencePoint vc="0" uspid="390" ordinal="359" sl="390" sc="1" el="390" ec="2" bec="0" bev="0" fileid="23" />
                <SequencePoint vc="0" uspid="391" ordinal="360" sl="391" sc="1" el="391" ec="2" bec="0" bev="0" fileid="23" />
                <SequencePoint vc="0" uspid="392" ordinal="361" sl="392" sc="1" el="392" ec="2" bec="0" bev="0" fileid="23" />
                <SequencePoint vc="0" uspid="393" ordinal="362" sl="393" sc="1" el="393" ec="2" bec="0" bev="0" fileid="23" />
                <SequencePoint vc="0" uspid="394" ordinal="363" sl="394" sc="1" el="394" ec="2" bec="0" bev="0" fileid="23" />
                <SequencePoint vc="0" uspid="395" ordinal="364" sl="395" sc="1" el="395" ec="2" bec="0" bev="0" fileid="23" />
                <SequencePoint vc="0" uspid="396" ordinal="365" sl="396" sc="1" el="396" ec="2" bec="0" bev="0" fileid="23" />
                <SequencePoint vc="0" uspid="397" ordinal="366" sl="397" sc="1" el="397" ec="2" bec="0" bev="0" fileid="23" />
                <SequencePoint vc="0" uspid="399" ordinal="367" sl="399" sc="1" el="399" ec="2" bec="0" bev="0" fileid="23" />
                <SequencePoint vc="0" uspid="400" ordinal="368" sl="400" sc="1" el="400" ec="2" bec="0" bev="0" fileid="23" />
                <SequencePoint vc="0" uspid="401" ordinal="369" sl="401" sc="1" el="401" ec="2" bec="0" bev="0" fileid="23" />
                <SequencePoint vc="0" uspid="402" ordinal="370" sl="402" sc="1" el="402" ec="2" bec="0" bev="0" fileid="23" />
                <SequencePoint vc="0" uspid="404" ordinal="371" sl="404" sc="1" el="404" ec="2" bec="0" bev="0" fileid="23" />
                <SequencePoint vc="0" uspid="405" ordinal="372" sl="405" sc="1" el="405" ec="2" bec="0" bev="0" fileid="23" />
                <SequencePoint vc="0" uspid="406" ordinal="373" sl="406" sc="1" el="406" ec="2" bec="0" bev="0" fileid="23" />
                <SequencePoint vc="0" uspid="407" ordinal="374" sl="407" sc="1" el="407" ec="2" bec="0" bev="0" fileid="23" />
                <SequencePoint vc="0" uspid="409" ordinal="375" sl="409" sc="1" el="409" ec="2" bec="0" bev="0" fileid="23" />
                <SequencePoint vc="0" uspid="410" ordinal="376" sl="410" sc="1" el="410" ec="2" bec="0" bev="0" fileid="23" />
                <SequencePoint vc="0" uspid="411" ordinal="377" sl="411" sc="1" el="411" ec="2" bec="0" bev="0" fileid="23" />
                <SequencePoint vc="0" uspid="412" ordinal="378" sl="412" sc="1" el="412" ec="2" bec="0" bev="0" fileid="23" />
                <SequencePoint vc="0" uspid="414" ordinal="379" sl="414" sc="1" el="414" ec="2" bec="0" bev="0" fileid="23" />
                <SequencePoint vc="0" uspid="415" ordinal="380" sl="415" sc="1" el="415" ec="2" bec="0" bev="0" fileid="23" />
                <SequencePoint vc="0" uspid="416" ordinal="381" sl="416" sc="1" el="416" ec="2" bec="0" bev="0" fileid="23" />
                <SequencePoint vc="0" uspid="417" ordinal="382" sl="417" sc="1" el="417" ec="2" bec="0" bev="0" fileid="23" />
                <SequencePoint vc="0" uspid="419" ordinal="383" sl="419" sc="1" el="419" ec="2" bec="0" bev="0" fileid="23" />
              </SequencePoints>
              <BranchPoints />
              <MethodPoint vc="0" uspid="0" p8:type="SequencePoint" ordinal="0" offset="0" sc="0" sl="14" ec="1" el="419" bec="0" bev="0" fileid="23" xmlns:p8="xsi" />
            </Method>
          </Methods>
        </Class>
      </Classes>
    </Module>
  </Modules>
</CoverageSession>